{"numTotalTestSuites":178,"numPassedTestSuites":142,"numFailedTestSuites":36,"numPendingTestSuites":0,"numTotalTests":732,"numPassedTests":654,"numFailedTests":63,"numPendingTests":15,"numTodoTests":0,"snapshot":{"added":0,"failure":false,"filesAdded":0,"filesRemoved":0,"filesRemovedList":[],"filesUnmatched":0,"filesUpdated":0,"matched":0,"total":0,"unchecked":0,"uncheckedKeysByFile":[],"unmatched":0,"updated":0,"didUpdate":false},"startTime":1768101219758,"success":false,"testResults":[{"assertionResults":[{"ancestorTitles":["API Client","searchImages"],"fullName":"API Client searchImages makes correct POST API call with query","status":"passed","title":"makes correct POST API call with query","duration":6.85723999999982,"failureMessages":[],"meta":{}},{"ancestorTitles":["API Client","searchImages"],"fullName":"API Client searchImages includes filters in request body when provided","status":"passed","title":"includes filters in request body when provided","duration":1.4322340000001077,"failureMessages":[],"meta":{}},{"ancestorTitles":["API Client","searchImages"],"fullName":"API Client searchImages includes categoryId filter as string in request body","status":"passed","title":"includes categoryId filter as string in request body","duration":0.6094530000000304,"failureMessages":[],"meta":{}},{"ancestorTitles":["API Client","searchImages"],"fullName":"API Client searchImages includes all filter types together","status":"passed","title":"includes all filter types together","duration":0.6244329999999536,"failureMessages":[],"meta":{}},{"ancestorTitles":["API Client","searchImages"],"fullName":"API Client searchImages throws ApiError on HTTP error","status":"passed","title":"throws ApiError on HTTP error","duration":0.6427869999999984,"failureMessages":[],"meta":{}},{"ancestorTitles":["API Client","searchImages"],"fullName":"API Client searchImages throws ApiError on network error","status":"passed","title":"throws ApiError on network error","duration":0.6549199999999473,"failureMessages":[],"meta":{}},{"ancestorTitles":["API Client","checkHealth"],"fullName":"API Client checkHealth returns health status when backend is healthy","status":"passed","title":"returns health status when backend is healthy","duration":0.7905289999998786,"failureMessages":[],"meta":{}},{"ancestorTitles":["API Client","checkHealth"],"fullName":"API Client checkHealth throws ApiError when backend is unavailable","status":"passed","title":"throws ApiError when backend is unavailable","duration":0.4162239999998292,"failureMessages":[],"meta":{}},{"ancestorTitles":["API Client","regenerateSuggestions"],"fullName":"API Client regenerateSuggestions calls correct endpoint and returns result","status":"passed","title":"calls correct endpoint and returns result","duration":1.3405789999999342,"failureMessages":[],"meta":{}},{"ancestorTitles":["API Client","regenerateSuggestions"],"fullName":"API Client regenerateSuggestions handles response without expiredCount","status":"passed","title":"handles response without expiredCount","duration":0.5507509999999911,"failureMessages":[],"meta":{}},{"ancestorTitles":["API Client","regenerateSuggestions"],"fullName":"API Client regenerateSuggestions throws ApiError on failure","status":"passed","title":"throws ApiError on failure","duration":0.6034819999999854,"failureMessages":[],"meta":{}},{"ancestorTitles":["API Client","regenerateSuggestions"],"fullName":"API Client regenerateSuggestions handles network errors","status":"passed","title":"handles network errors","duration":0.40114599999992606,"failureMessages":[],"meta":{}},{"ancestorTitles":["API Client","recomputePrototypes"],"fullName":"API Client recomputePrototypes sends request with preservePins only by default","status":"passed","title":"sends request with preservePins only by default","duration":1.3185969999999543,"failureMessages":[],"meta":{}},{"ancestorTitles":["API Client","recomputePrototypes"],"fullName":"API Client recomputePrototypes includes triggerRescan when explicitly set to true","status":"passed","title":"includes triggerRescan when explicitly set to true","duration":0.6996460000000297,"failureMessages":[],"meta":{}},{"ancestorTitles":["API Client","recomputePrototypes"],"fullName":"API Client recomputePrototypes includes triggerRescan when explicitly set to false","status":"passed","title":"includes triggerRescan when explicitly set to false","duration":0.39849100000014914,"failureMessages":[],"meta":{}},{"ancestorTitles":["API Client","recomputePrototypes"],"fullName":"API Client recomputePrototypes passes custom preservePins value","status":"passed","title":"passes custom preservePins value","duration":0.3478139999999712,"failureMessages":[],"meta":{}},{"ancestorTitles":["API Client","recomputePrototypes"],"fullName":"API Client recomputePrototypes combines preservePins and triggerRescan options","status":"passed","title":"combines preservePins and triggerRescan options","duration":0.4301510000000235,"failureMessages":[],"meta":{}},{"ancestorTitles":["API Client","recomputePrototypes"],"fullName":"API Client recomputePrototypes passes preserveExistingSuggestions when explicitly set to false","status":"passed","title":"passes preserveExistingSuggestions when explicitly set to false","duration":0.4526739999998881,"failureMessages":[],"meta":{}},{"ancestorTitles":["API Client","recomputePrototypes"],"fullName":"API Client recomputePrototypes handles response without rescanMessage","status":"passed","title":"handles response without rescanMessage","duration":0.342583999999988,"failureMessages":[],"meta":{}},{"ancestorTitles":["API Client","recomputePrototypes"],"fullName":"API Client recomputePrototypes throws ApiError on failure","status":"passed","title":"throws ApiError on failure","duration":0.432606000000078,"failureMessages":[],"meta":{}},{"ancestorTitles":["API Client","recomputePrototypes"],"fullName":"API Client recomputePrototypes handles network errors","status":"passed","title":"handles network errors","duration":0.3635839999999462,"failureMessages":[],"meta":{}}],"startTime":1768101225792,"endTime":1768101225812.4326,"status":"passed","message":"","name":"/export/workspace/image-search/image-search-ui/src/tests/api-client.test.ts"},{"assertionResults":[{"ancestorTitles":["Vectors API Client","getDirectoryStats"],"fullName":"Vectors API Client getDirectoryStats makes correct GET API call and returns directory statistics","status":"passed","title":"makes correct GET API call and returns directory statistics","duration":8.301627999999937,"failureMessages":[],"meta":{}},{"ancestorTitles":["Vectors API Client","getDirectoryStats"],"fullName":"Vectors API Client getDirectoryStats handles empty directory list","status":"passed","title":"handles empty directory list","duration":0.7159560000000056,"failureMessages":[],"meta":{}},{"ancestorTitles":["Vectors API Client","getDirectoryStats"],"fullName":"Vectors API Client getDirectoryStats throws ApiError on HTTP error","status":"passed","title":"throws ApiError on HTTP error","duration":0.6460830000000897,"failureMessages":[],"meta":{}},{"ancestorTitles":["Vectors API Client","deleteVectorsByDirectory"],"fullName":"Vectors API Client deleteVectorsByDirectory makes correct DELETE API call with request body","status":"passed","title":"makes correct DELETE API call with request body","duration":1.1729089999998905,"failureMessages":[],"meta":{}},{"ancestorTitles":["Vectors API Client","deleteVectorsByDirectory"],"fullName":"Vectors API Client deleteVectorsByDirectory handles deletion without reason","status":"passed","title":"handles deletion without reason","duration":0.4949149999999918,"failureMessages":[],"meta":{}},{"ancestorTitles":["Vectors API Client","deleteVectorsByDirectory"],"fullName":"Vectors API Client deleteVectorsByDirectory throws ApiError when confirmation is false","status":"passed","title":"throws ApiError when confirmation is false","duration":0.7325780000001032,"failureMessages":[],"meta":{}},{"ancestorTitles":["Vectors API Client","retrainDirectory"],"fullName":"Vectors API Client retrainDirectory makes correct POST API call with retrain request","status":"passed","title":"makes correct POST API call with retrain request","duration":1.2561980000000403,"failureMessages":[],"meta":{}},{"ancestorTitles":["Vectors API Client","retrainDirectory"],"fullName":"Vectors API Client retrainDirectory handles retrain without deletion reason","status":"passed","title":"handles retrain without deletion reason","duration":0.6538279999999759,"failureMessages":[],"meta":{}},{"ancestorTitles":["Vectors API Client","deleteVectorsByAsset"],"fullName":"Vectors API Client deleteVectorsByAsset makes correct DELETE API call for asset","status":"passed","title":"makes correct DELETE API call for asset","duration":1.5304320000000189,"failureMessages":[],"meta":{}},{"ancestorTitles":["Vectors API Client","deleteVectorsBySession"],"fullName":"Vectors API Client deleteVectorsBySession makes correct DELETE API call for session","status":"passed","title":"makes correct DELETE API call for session","duration":0.9991970000000947,"failureMessages":[],"meta":{}},{"ancestorTitles":["Vectors API Client","deleteVectorsByCategory"],"fullName":"Vectors API Client deleteVectorsByCategory makes correct DELETE API call for category","status":"passed","title":"makes correct DELETE API call for category","duration":1.0425199999999677,"failureMessages":[],"meta":{}},{"ancestorTitles":["Vectors API Client","cleanupOrphanVectors"],"fullName":"Vectors API Client cleanupOrphanVectors makes correct POST API call for orphan cleanup","status":"passed","title":"makes correct POST API call for orphan cleanup","duration":0.9818649999999707,"failureMessages":[],"meta":{}},{"ancestorTitles":["Vectors API Client","cleanupOrphanVectors"],"fullName":"Vectors API Client cleanupOrphanVectors handles cleanup without reason","status":"passed","title":"handles cleanup without reason","duration":0.29833000000007814,"failureMessages":[],"meta":{}},{"ancestorTitles":["Vectors API Client","resetCollection"],"fullName":"Vectors API Client resetCollection makes correct POST API call for full reset","status":"passed","title":"makes correct POST API call for full reset","duration":0.7510240000001431,"failureMessages":[],"meta":{}},{"ancestorTitles":["Vectors API Client","resetCollection"],"fullName":"Vectors API Client resetCollection throws ApiError when confirmation text is incorrect","status":"passed","title":"throws ApiError when confirmation text is incorrect","duration":0.5116160000000036,"failureMessages":[],"meta":{}},{"ancestorTitles":["Vectors API Client","getDeletionLogs"],"fullName":"Vectors API Client getDeletionLogs makes correct GET API call with pagination parameters","status":"passed","title":"makes correct GET API call with pagination parameters","duration":2.1687799999999697,"failureMessages":[],"meta":{}},{"ancestorTitles":["Vectors API Client","getDeletionLogs"],"fullName":"Vectors API Client getDeletionLogs uses default pagination values when not provided","status":"passed","title":"uses default pagination values when not provided","duration":0.7123899999999139,"failureMessages":[],"meta":{}},{"ancestorTitles":["Vectors API Client","getDeletionLogs"],"fullName":"Vectors API Client getDeletionLogs handles empty deletion logs","status":"passed","title":"handles empty deletion logs","duration":0.5983730000000378,"failureMessages":[],"meta":{}},{"ancestorTitles":["Vectors API Client","getDeletionLogs"],"fullName":"Vectors API Client getDeletionLogs handles different log types correctly","status":"passed","title":"handles different log types correctly","duration":0.4972900000000209,"failureMessages":[],"meta":{}},{"ancestorTitles":["Vectors API Client","getDeletionLogs"],"fullName":"Vectors API Client getDeletionLogs throws ApiError on network error","status":"passed","title":"throws ApiError on network error","duration":0.6623540000000503,"failureMessages":[],"meta":{}}],"startTime":1768101225760,"endTime":1768101225786.6624,"status":"passed","message":"","name":"/export/workspace/image-search/image-search-ui/src/tests/api-vectors.test.ts"},{"assertionResults":[{"ancestorTitles":["Categories API Client","listCategories"],"fullName":"Categories API Client listCategories makes correct GET request with default pagination","status":"passed","title":"makes correct GET request with default pagination","duration":6.460793999999851,"failureMessages":[],"meta":{}},{"ancestorTitles":["Categories API Client","listCategories"],"fullName":"Categories API Client listCategories makes correct GET request with custom pagination","status":"passed","title":"makes correct GET request with custom pagination","duration":3.564423999999917,"failureMessages":[],"meta":{}},{"ancestorTitles":["Categories API Client","createCategory"],"fullName":"Categories API Client createCategory makes correct POST request to create category","status":"passed","title":"makes correct POST request to create category","duration":1.4559090000000197,"failureMessages":[],"meta":{}},{"ancestorTitles":["Categories API Client","createCategory"],"fullName":"Categories API Client createCategory throws ApiError on conflict (duplicate name)","status":"passed","title":"throws ApiError on conflict (duplicate name)","duration":2.692751000000044,"failureMessages":[],"meta":{}},{"ancestorTitles":["Categories API Client","getCategory"],"fullName":"Categories API Client getCategory makes correct GET request for single category","status":"passed","title":"makes correct GET request for single category","duration":0.7122099999999136,"failureMessages":[],"meta":{}},{"ancestorTitles":["Categories API Client","getCategory"],"fullName":"Categories API Client getCategory throws ApiError on not found","status":"passed","title":"throws ApiError on not found","duration":0.7283610000001772,"failureMessages":[],"meta":{}},{"ancestorTitles":["Categories API Client","updateCategory"],"fullName":"Categories API Client updateCategory makes correct PATCH request to update category","status":"passed","title":"makes correct PATCH request to update category","duration":0.9924539999999524,"failureMessages":[],"meta":{}},{"ancestorTitles":["Categories API Client","deleteCategory"],"fullName":"Categories API Client deleteCategory makes correct DELETE request","status":"passed","title":"makes correct DELETE request","duration":0.7391209999998409,"failureMessages":[],"meta":{}},{"ancestorTitles":["Categories API Client","deleteCategory"],"fullName":"Categories API Client deleteCategory throws ApiError when deleting default category","status":"passed","title":"throws ApiError when deleting default category","duration":1.2986089999999422,"failureMessages":[],"meta":{}},{"ancestorTitles":["Categories API Client","deleteCategory"],"fullName":"Categories API Client deleteCategory throws ApiError when category has sessions","status":"passed","title":"throws ApiError when category has sessions","duration":0.9248059999999896,"failureMessages":[],"meta":{}}],"startTime":1768101225820,"endTime":1768101225840.9248,"status":"passed","message":"","name":"/export/workspace/image-search/image-search-ui/src/tests/categories-api.test.ts"},{"assertionResults":[{"ancestorTitles":["CategoryBadge"],"fullName":"CategoryBadge renders category name","status":"passed","title":"renders category name","duration":43.992372999999816,"failureMessages":[],"meta":{}},{"ancestorTitles":["CategoryBadge"],"fullName":"CategoryBadge displays default indicator for default categories","status":"passed","title":"displays default indicator for default categories","duration":6.6348659999998745,"failureMessages":[],"meta":{}},{"ancestorTitles":["CategoryBadge"],"fullName":"CategoryBadge does not show default indicator for non-default categories","status":"passed","title":"does not show default indicator for non-default categories","duration":5.051703999999972,"failureMessages":[],"meta":{}},{"ancestorTitles":["CategoryBadge"],"fullName":"CategoryBadge applies custom background color","status":"passed","title":"applies custom background color","duration":6.969213999999965,"failureMessages":[],"meta":{}},{"ancestorTitles":["CategoryBadge"],"fullName":"CategoryBadge uses default gray background when no color specified","status":"passed","title":"uses default gray background when no color specified","duration":3.583891999999878,"failureMessages":[],"meta":{}},{"ancestorTitles":["CategoryBadge"],"fullName":"CategoryBadge applies small size by default","status":"passed","title":"applies small size by default","duration":3.213074000000006,"failureMessages":[],"meta":{}},{"ancestorTitles":["CategoryBadge"],"fullName":"CategoryBadge applies medium size when specified","status":"passed","title":"applies medium size when specified","duration":4.05318699999998,"failureMessages":[],"meta":{}},{"ancestorTitles":["CategoryBadge"],"fullName":"CategoryBadge uses white text on dark backgrounds","status":"passed","title":"uses white text on dark backgrounds","duration":3.0987760000000435,"failureMessages":[],"meta":{}},{"ancestorTitles":["CategoryBadge"],"fullName":"CategoryBadge uses dark text on light backgrounds","status":"passed","title":"uses dark text on light backgrounds","duration":5.35963199999992,"failureMessages":[],"meta":{}},{"ancestorTitles":["CategoryBadge"],"fullName":"CategoryBadge uses dark text on medium brightness backgrounds","status":"passed","title":"uses dark text on medium brightness backgrounds","duration":3.0816829999998845,"failureMessages":[],"meta":{}},{"ancestorTitles":["CategoryBadge"],"fullName":"CategoryBadge handles colors without # prefix","status":"passed","title":"handles colors without # prefix","duration":2.408437000000049,"failureMessages":[],"meta":{}}],"startTime":1768101225580,"endTime":1768101225667.4084,"status":"passed","message":"","name":"/export/workspace/image-search/image-search-ui/src/tests/components/CategoryBadge.test.ts"},{"assertionResults":[{"ancestorTitles":["CategoryCreateModal"],"fullName":"CategoryCreateModal does not render when open is false","status":"passed","title":"does not render when open is false","duration":15.205157000000327,"failureMessages":[],"meta":{}},{"ancestorTitles":["CategoryCreateModal"],"fullName":"CategoryCreateModal renders modal when open is true","status":"passed","title":"renders modal when open is true","duration":37.46811799999978,"failureMessages":[],"meta":{}},{"ancestorTitles":["CategoryCreateModal"],"fullName":"CategoryCreateModal renders all form fields","status":"passed","title":"renders all form fields","duration":17.021393999999418,"failureMessages":[],"meta":{}},{"ancestorTitles":["CategoryCreateModal"],"fullName":"CategoryCreateModal shows required asterisk for name field","status":"passed","title":"shows required asterisk for name field","duration":8.286640000000261,"failureMessages":[],"meta":{}},{"ancestorTitles":["CategoryCreateModal"],"fullName":"CategoryCreateModal renders color presets","status":"passed","title":"renders color presets","duration":11.294340999999804,"failureMessages":[],"meta":{}},{"ancestorTitles":["CategoryCreateModal"],"fullName":"CategoryCreateModal validates required name field","status":"passed","title":"validates required name field","duration":28.352676999999858,"failureMessages":[],"meta":{}},{"ancestorTitles":["CategoryCreateModal"],"fullName":"CategoryCreateModal submits form with valid data","status":"passed","title":"submits form with valid data","duration":24.825503000000026,"failureMessages":[],"meta":{}},{"ancestorTitles":["CategoryCreateModal"],"fullName":"CategoryCreateModal shows error on API failure","status":"passed","title":"shows error on API failure","duration":19.872196999999687,"failureMessages":[],"meta":{}},{"ancestorTitles":["CategoryCreateModal"],"fullName":"CategoryCreateModal calls onCreated callback on success","status":"passed","title":"calls onCreated callback on success","duration":16.12671599999976,"failureMessages":[],"meta":{}},{"ancestorTitles":["CategoryCreateModal"],"fullName":"CategoryCreateModal closes modal when cancel button is clicked","status":"passed","title":"closes modal when cancel button is clicked","duration":19.706280000000334,"failureMessages":[],"meta":{}},{"ancestorTitles":["CategoryCreateModal"],"fullName":"CategoryCreateModal closes modal when close button (×) is clicked","status":"passed","title":"closes modal when close button (×) is clicked","duration":13.725813000000016,"failureMessages":[],"meta":{}},{"ancestorTitles":["CategoryCreateModal"],"fullName":"CategoryCreateModal allows selecting color presets","status":"passed","title":"allows selecting color presets","duration":9.090744999999515,"failureMessages":[],"meta":{}},{"ancestorTitles":["CategoryCreateModal"],"fullName":"CategoryCreateModal disables form during submission","status":"passed","title":"disables form during submission","duration":21.301095000000714,"failureMessages":[],"meta":{}},{"ancestorTitles":["CategoryCreateModal"],"fullName":"CategoryCreateModal trims whitespace from name and description","status":"passed","title":"trims whitespace from name and description","duration":17.152774999999565,"failureMessages":[],"meta":{}},{"ancestorTitles":["CategoryCreateModal"],"fullName":"CategoryCreateModal resets form after successful creation","status":"passed","title":"resets form after successful creation","duration":16.67711700000018,"failureMessages":[],"meta":{}}],"startTime":1768101224347,"endTime":1768101224623.677,"status":"passed","message":"","name":"/export/workspace/image-search/image-search-ui/src/tests/components/CategoryCreateModal.test.ts"},{"assertionResults":[{"ancestorTitles":["CategoryEditModal"],"fullName":"CategoryEditModal does not render when open is false","status":"passed","title":"does not render when open is false","duration":30.761125000000902,"failureMessages":[],"meta":{}},{"ancestorTitles":["CategoryEditModal"],"fullName":"CategoryEditModal renders modal when open is true","status":"passed","title":"renders modal when open is true","duration":95.27335100000164,"failureMessages":[],"meta":{}},{"ancestorTitles":["CategoryEditModal"],"fullName":"CategoryEditModal pre-populates form with existing category data","status":"passed","title":"pre-populates form with existing category data","duration":40.694697000000815,"failureMessages":[],"meta":{}},{"ancestorTitles":["CategoryEditModal"],"fullName":"CategoryEditModal disables name field for default category","status":"passed","title":"disables name field for default category","duration":27.29714100000092,"failureMessages":[],"meta":{}},{"ancestorTitles":["CategoryEditModal"],"fullName":"CategoryEditModal allows editing name field for non-default category","status":"passed","title":"allows editing name field for non-default category","duration":27.291511000001265,"failureMessages":[],"meta":{}},{"ancestorTitles":["CategoryEditModal"],"fullName":"CategoryEditModal validates required name field","status":"passed","title":"validates required name field","duration":59.16869600000064,"failureMessages":[],"meta":{}},{"ancestorTitles":["CategoryEditModal"],"fullName":"CategoryEditModal submits updated data","status":"passed","title":"submits updated data","duration":58.948073999999906,"failureMessages":[],"meta":{}},{"ancestorTitles":["CategoryEditModal"],"fullName":"CategoryEditModal shows error on API failure","status":"passed","title":"shows error on API failure","duration":55.589742999998634,"failureMessages":[],"meta":{}},{"ancestorTitles":["CategoryEditModal"],"fullName":"CategoryEditModal calls onUpdated callback on success","status":"passed","title":"calls onUpdated callback on success","duration":64.96401900000092,"failureMessages":[],"meta":{}},{"ancestorTitles":["CategoryEditModal"],"fullName":"CategoryEditModal closes modal when cancel button is clicked","status":"passed","title":"closes modal when cancel button is clicked","duration":52.268512999999075,"failureMessages":[],"meta":{}},{"ancestorTitles":["CategoryEditModal"],"fullName":"CategoryEditModal closes modal when close button (X) is clicked","status":"passed","title":"closes modal when close button (X) is clicked","duration":36.788489999999,"failureMessages":[],"meta":{}},{"ancestorTitles":["CategoryEditModal"],"fullName":"CategoryEditModal resets form to original values when closed","status":"passed","title":"resets form to original values when closed","duration":30.31200700000045,"failureMessages":[],"meta":{}},{"ancestorTitles":["CategoryEditModal"],"fullName":"CategoryEditModal renders color presets","status":"passed","title":"renders color presets","duration":17.947943999999552,"failureMessages":[],"meta":{}},{"ancestorTitles":["CategoryEditModal"],"fullName":"CategoryEditModal highlights selected color preset","status":"passed","title":"highlights selected color preset","duration":17.507070999999996,"failureMessages":[],"meta":{}},{"ancestorTitles":["CategoryEditModal"],"fullName":"CategoryEditModal disables form during submission","status":"passed","title":"disables form during submission","duration":37.76105800000005,"failureMessages":[],"meta":{}},{"ancestorTitles":["CategoryEditModal"],"fullName":"CategoryEditModal trims whitespace from name and description","status":"passed","title":"trims whitespace from name and description","duration":28.898558999999295,"failureMessages":[],"meta":{}},{"ancestorTitles":["CategoryEditModal"],"fullName":"CategoryEditModal handles empty description as null","status":"passed","title":"handles empty description as null","duration":31.870421999999962,"failureMessages":[],"meta":{}}],"startTime":1768101231312,"endTime":1768101232025.8704,"status":"passed","message":"","name":"/export/workspace/image-search/image-search-ui/src/tests/components/CategoryEditModal.test.ts"},{"assertionResults":[{"ancestorTitles":["CategorySelector"],"fullName":"CategorySelector renders with default label","status":"passed","title":"renders with default label","duration":39.78281700000025,"failureMessages":[],"meta":{}},{"ancestorTitles":["CategorySelector"],"fullName":"CategorySelector renders with custom label","status":"passed","title":"renders with custom label","duration":6.824268000000302,"failureMessages":[],"meta":{}},{"ancestorTitles":["CategorySelector"],"fullName":"CategorySelector shows loading state initially","status":"passed","title":"shows loading state initially","duration":13.017651000000114,"failureMessages":[],"meta":{}},{"ancestorTitles":["CategorySelector"],"fullName":"CategorySelector loads and displays categories","status":"passed","title":"loads and displays categories","duration":16.99613600000066,"failureMessages":[],"meta":{}},{"ancestorTitles":["CategorySelector"],"fullName":"CategorySelector includes \"No category\" option","status":"passed","title":"includes \"No category\" option","duration":22.62304800000038,"failureMessages":[],"meta":{}},{"ancestorTitles":["CategorySelector"],"fullName":"CategorySelector shows \"Create New Category...\" option when showCreateOption is true","status":"passed","title":"shows \"Create New Category...\" option when showCreateOption is true","duration":18.46552100000008,"failureMessages":[],"meta":{}},{"ancestorTitles":["CategorySelector"],"fullName":"CategorySelector hides \"Create New Category...\" when showCreateOption is false","status":"passed","title":"hides \"Create New Category...\" when showCreateOption is false","duration":14.07661300000018,"failureMessages":[],"meta":{}},{"ancestorTitles":["CategorySelector"],"fullName":"CategorySelector calls onSelect when category is selected","status":"passed","title":"calls onSelect when category is selected","duration":13.023191999999653,"failureMessages":[],"meta":{}},{"ancestorTitles":["CategorySelector"],"fullName":"CategorySelector calls onSelect with null when \"No category\" is selected","status":"passed","title":"calls onSelect with null when \"No category\" is selected","duration":12.515712999999778,"failureMessages":[],"meta":{}},{"ancestorTitles":["CategorySelector"],"fullName":"CategorySelector calls onCreateNew when \"Create New...\" is selected","status":"passed","title":"calls onCreateNew when \"Create New...\" is selected","duration":10.164373999999953,"failureMessages":[],"meta":{}},{"ancestorTitles":["CategorySelector"],"fullName":"CategorySelector displays selected category","status":"passed","title":"displays selected category","duration":8.908126000000266,"failureMessages":[],"meta":{}},{"ancestorTitles":["CategorySelector"],"fullName":"CategorySelector can be disabled","status":"passed","title":"can be disabled","duration":6.84923499999968,"failureMessages":[],"meta":{}},{"ancestorTitles":["CategorySelector"],"fullName":"CategorySelector displays error message when API fails","status":"passed","title":"displays error message when API fails","duration":10.272660999999971,"failureMessages":[],"meta":{}},{"ancestorTitles":["CategorySelector"],"fullName":"CategorySelector handles empty category list","status":"passed","title":"handles empty category list","duration":10.088289000000259,"failureMessages":[],"meta":{}}],"startTime":1768101224349,"endTime":1768101224553.0884,"status":"passed","message":"","name":"/export/workspace/image-search/image-search-ui/src/tests/components/CategorySelector.test.ts"},{"assertionResults":[{"ancestorTitles":["FiltersPanel"],"fullName":"FiltersPanel renders with \"Filters\" heading","status":"passed","title":"renders with \"Filters\" heading","duration":69.4491509999998,"failureMessages":[],"meta":{}},{"ancestorTitles":["FiltersPanel"],"fullName":"FiltersPanel renders date input fields","status":"passed","title":"renders date input fields","duration":12.992542999999387,"failureMessages":[],"meta":{}},{"ancestorTitles":["FiltersPanel"],"fullName":"FiltersPanel date inputs update filter state","status":"passed","title":"date inputs update filter state","duration":16.13889999999992,"failureMessages":[],"meta":{}},{"ancestorTitles":["FiltersPanel"],"fullName":"FiltersPanel shows clear all button when filters are active","status":"passed","title":"shows clear all button when filters are active","duration":19.71270199999981,"failureMessages":[],"meta":{}},{"ancestorTitles":["FiltersPanel"],"fullName":"FiltersPanel clear all button resets date inputs","status":"passed","title":"clear all button resets date inputs","duration":12.331581999999798,"failureMessages":[],"meta":{}},{"ancestorTitles":["FiltersPanel"],"fullName":"FiltersPanel people filter shows loading state initially","status":"passed","title":"people filter shows loading state initially","duration":9.937871999999516,"failureMessages":[],"meta":{}},{"ancestorTitles":["FiltersPanel"],"fullName":"FiltersPanel onFilterChange callback receives correct filter object","status":"passed","title":"onFilterChange callback receives correct filter object","duration":12.888984999999593,"failureMessages":[],"meta":{}},{"ancestorTitles":["FiltersPanel"],"fullName":"FiltersPanel onFilterChange includes both dates when set","status":"passed","title":"onFilterChange includes both dates when set","duration":12.850843000000168,"failureMessages":[],"meta":{}},{"ancestorTitles":["FiltersPanel"],"fullName":"FiltersPanel onFilterChange sends empty object when filters cleared","status":"passed","title":"onFilterChange sends empty object when filters cleared","duration":16.066101000000344,"failureMessages":[],"meta":{}},{"ancestorTitles":["FiltersPanel - People Filter (Single-Select)"],"fullName":"FiltersPanel - People Filter (Single-Select) sends single personId in filter when person selected","status":"passed","title":"sends single personId in filter when person selected","duration":33.114998000000014,"failureMessages":[],"meta":{}},{"ancestorTitles":["FiltersPanel - People Filter (Single-Select)"],"fullName":"FiltersPanel - People Filter (Single-Select) clears personId when clear button clicked","status":"passed","title":"clears personId when clear button clicked","duration":33.429668999999194,"failureMessages":[],"meta":{}},{"ancestorTitles":["FiltersPanel - People Filter (Single-Select)"],"fullName":"FiltersPanel - People Filter (Single-Select) replaces previous selection when selecting different person","status":"passed","title":"replaces previous selection when selecting different person","duration":32.25007699999969,"failureMessages":[],"meta":{}},{"ancestorTitles":["FiltersPanel - People Filter (Single-Select)"],"fullName":"FiltersPanel - People Filter (Single-Select) closes dropdown after selection","status":"passed","title":"closes dropdown after selection","duration":19.24608100000023,"failureMessages":[],"meta":{}},{"ancestorTitles":["FiltersPanel - People Filter (Single-Select)"],"fullName":"FiltersPanel - People Filter (Single-Select) shows selected person name in filter display","status":"passed","title":"shows selected person name in filter display","duration":20.839203000000452,"failureMessages":[],"meta":{}},{"ancestorTitles":["FiltersPanel - People Filter (Single-Select)"],"fullName":"FiltersPanel - People Filter (Single-Select) filters dropdown options based on search query","status":"passed","title":"filters dropdown options based on search query","duration":24.223724000000402,"failureMessages":[],"meta":{}},{"ancestorTitles":["FiltersPanel - People Filter (Single-Select)"],"fullName":"FiltersPanel - People Filter (Single-Select) toggles selection when clicking already selected person","status":"passed","title":"toggles selection when clicking already selected person","duration":33.089538999999604,"failureMessages":[],"meta":{}},{"ancestorTitles":["FiltersPanel - Clear All Filters"],"fullName":"FiltersPanel - Clear All Filters clears person filter when clearing all filters","status":"passed","title":"clears person filter when clearing all filters","duration":23.195972000000438,"failureMessages":[],"meta":{}},{"ancestorTitles":["FiltersPanel - Clear All Filters"],"fullName":"FiltersPanel - Clear All Filters clears all filter types together","status":"passed","title":"clears all filter types together","duration":29.277100000000246,"failureMessages":[],"meta":{}}],"startTime":1768101224382,"endTime":1768101224815.277,"status":"passed","message":"","name":"/export/workspace/image-search/image-search-ui/src/tests/components/FiltersPanel.test.ts"},{"assertionResults":[{"ancestorTitles":["ImageWithFaceBoundingBoxes","Basic rendering"],"fullName":"ImageWithFaceBoundingBoxes Basic rendering should render without errors","status":"passed","title":"should render without errors","duration":29.164745999999468,"failureMessages":[],"meta":{}},{"ancestorTitles":["ImageWithFaceBoundingBoxes","Basic rendering"],"fullName":"ImageWithFaceBoundingBoxes Basic rendering should render image element with correct src","status":"passed","title":"should render image element with correct src","duration":5.920302000000447,"failureMessages":[],"meta":{}},{"ancestorTitles":["ImageWithFaceBoundingBoxes","Basic rendering"],"fullName":"ImageWithFaceBoundingBoxes Basic rendering should render image with correct alt text","status":"passed","title":"should render image with correct alt text","duration":4.662500999999793,"failureMessages":[],"meta":{}},{"ancestorTitles":["ImageWithFaceBoundingBoxes","Basic rendering"],"fullName":"ImageWithFaceBoundingBoxes Basic rendering should not render SVG overlay before image loads","status":"passed","title":"should not render SVG overlay before image loads","duration":2.892863000000034,"failureMessages":[],"meta":{}},{"ancestorTitles":["ImageWithFaceBoundingBoxes","Basic rendering"],"fullName":"ImageWithFaceBoundingBoxes Basic rendering should render SVG overlay after image loads","status":"passed","title":"should render SVG overlay after image loads","duration":20.974090000000615,"failureMessages":[],"meta":{}},{"ancestorTitles":["ImageWithFaceBoundingBoxes","Face boxes rendering"],"fullName":"ImageWithFaceBoundingBoxes Face boxes rendering should render correct number of face boxes","status":"passed","title":"should render correct number of face boxes","duration":11.188728999999512,"failureMessages":[],"meta":{}},{"ancestorTitles":["ImageWithFaceBoundingBoxes","Face boxes rendering"],"fullName":"ImageWithFaceBoundingBoxes Face boxes rendering should render bounding box with correct attributes","status":"passed","title":"should render bounding box with correct attributes","duration":7.8073850000000675,"failureMessages":[],"meta":{}},{"ancestorTitles":["ImageWithFaceBoundingBoxes","Face boxes rendering"],"fullName":"ImageWithFaceBoundingBoxes Face boxes rendering should render face labels with correct text","status":"passed","title":"should render face labels with correct text","duration":8.082730000000083,"failureMessages":[],"meta":{}},{"ancestorTitles":["ImageWithFaceBoundingBoxes","Face boxes rendering"],"fullName":"ImageWithFaceBoundingBoxes Face boxes rendering should handle empty faces array without errors","status":"passed","title":"should handle empty faces array without errors","duration":6.14631400000053,"failureMessages":[],"meta":{}},{"ancestorTitles":["ImageWithFaceBoundingBoxes","Face boxes rendering"],"fullName":"ImageWithFaceBoundingBoxes Face boxes rendering should apply unique colors to each face","status":"passed","title":"should apply unique colors to each face","duration":13.566689000000224,"failureMessages":[],"meta":{}},{"ancestorTitles":["ImageWithFaceBoundingBoxes","Face boxes rendering"],"fullName":"ImageWithFaceBoundingBoxes Face boxes rendering should use custom color when provided","status":"passed","title":"should use custom color when provided","duration":9.732359999999971,"failureMessages":[],"meta":{}},{"ancestorTitles":["ImageWithFaceBoundingBoxes","Label styles"],"fullName":"ImageWithFaceBoundingBoxes Label styles should render assigned label with correct class","status":"passed","title":"should render assigned label with correct class","duration":3.7457210000002306,"failureMessages":[],"meta":{}},{"ancestorTitles":["ImageWithFaceBoundingBoxes","Label styles"],"fullName":"ImageWithFaceBoundingBoxes Label styles should render suggested label with confidence percentage","status":"passed","title":"should render suggested label with confidence percentage","duration":4.566487000000052,"failureMessages":[],"meta":{}},{"ancestorTitles":["ImageWithFaceBoundingBoxes","Label styles"],"fullName":"ImageWithFaceBoundingBoxes Label styles should render suggested label without confidence if not provided","status":"passed","title":"should render suggested label without confidence if not provided","duration":4.430969000000005,"failureMessages":[],"meta":{}},{"ancestorTitles":["ImageWithFaceBoundingBoxes","Label styles"],"fullName":"ImageWithFaceBoundingBoxes Label styles should render unknown label with correct class","status":"passed","title":"should render unknown label with correct class","duration":4.090328000000227,"failureMessages":[],"meta":{}},{"ancestorTitles":["ImageWithFaceBoundingBoxes","Label styles"],"fullName":"ImageWithFaceBoundingBoxes Label styles should render loading label with correct class","status":"passed","title":"should render loading label with correct class","duration":4.857963999999811,"failureMessages":[],"meta":{}},{"ancestorTitles":["ImageWithFaceBoundingBoxes","Highlighting"],"fullName":"ImageWithFaceBoundingBoxes Highlighting should apply highlighted class to correct face","status":"passed","title":"should apply highlighted class to correct face","duration":6.633254000000306,"failureMessages":[],"meta":{}},{"ancestorTitles":["ImageWithFaceBoundingBoxes","Highlighting"],"fullName":"ImageWithFaceBoundingBoxes Highlighting should apply primary class to correct face","status":"passed","title":"should apply primary class to correct face","duration":6.822414000000208,"failureMessages":[],"meta":{}},{"ancestorTitles":["ImageWithFaceBoundingBoxes","Highlighting"],"fullName":"ImageWithFaceBoundingBoxes Highlighting should apply both highlighted and primary classes without conflict","status":"passed","title":"should apply both highlighted and primary classes without conflict","duration":7.609277000000475,"failureMessages":[],"meta":{}},{"ancestorTitles":["ImageWithFaceBoundingBoxes","Highlighting"],"fullName":"ImageWithFaceBoundingBoxes Highlighting should use different stroke widths for different states","status":"passed","title":"should use different stroke widths for different states","duration":5.583699999999226,"failureMessages":[],"meta":{}},{"ancestorTitles":["ImageWithFaceBoundingBoxes","Highlighting"],"fullName":"ImageWithFaceBoundingBoxes Highlighting should not highlight any face when highlightedFaceId is null","status":"passed","title":"should not highlight any face when highlightedFaceId is null","duration":5.090888000000632,"failureMessages":[],"meta":{}},{"ancestorTitles":["ImageWithFaceBoundingBoxes","Click handling"],"fullName":"ImageWithFaceBoundingBoxes Click handling should call onFaceClick with correct face ID when clicking face box","status":"passed","title":"should call onFaceClick with correct face ID when clicking face box","duration":7.4964609999997265,"failureMessages":[],"meta":{}},{"ancestorTitles":["ImageWithFaceBoundingBoxes","Click handling"],"fullName":"ImageWithFaceBoundingBoxes Click handling should call onFaceClick for each different face","status":"passed","title":"should call onFaceClick for each different face","duration":8.329851999999846,"failureMessages":[],"meta":{}},{"ancestorTitles":["ImageWithFaceBoundingBoxes","Click handling"],"fullName":"ImageWithFaceBoundingBoxes Click handling should not crash when onFaceClick is not provided","status":"passed","title":"should not crash when onFaceClick is not provided","duration":7.151222000000416,"failureMessages":[],"meta":{}},{"ancestorTitles":["ImageWithFaceBoundingBoxes","Click handling"],"fullName":"ImageWithFaceBoundingBoxes Click handling should not trigger callback when clicking on image (non-face area)","status":"passed","title":"should not trigger callback when clicking on image (non-face area)","duration":6.476124000000709,"failureMessages":[],"meta":{}},{"ancestorTitles":["ImageWithFaceBoundingBoxes","Edge cases"],"fullName":"ImageWithFaceBoundingBoxes Edge cases should handle faces with zero dimensions","status":"passed","title":"should handle faces with zero dimensions","duration":4.130495999999766,"failureMessages":[],"meta":{}},{"ancestorTitles":["ImageWithFaceBoundingBoxes","Edge cases"],"fullName":"ImageWithFaceBoundingBoxes Edge cases should handle faces with negative coordinates","status":"passed","title":"should handle faces with negative coordinates","duration":5.3986170000007405,"failureMessages":[],"meta":{}},{"ancestorTitles":["ImageWithFaceBoundingBoxes","Edge cases"],"fullName":"ImageWithFaceBoundingBoxes Edge cases should handle very large bbox coordinates","status":"passed","title":"should handle very large bbox coordinates","duration":6.5015510000002905,"failureMessages":[],"meta":{}},{"ancestorTitles":["ImageWithFaceBoundingBoxes","Edge cases"],"fullName":"ImageWithFaceBoundingBoxes Edge cases should handle maxHeight prop correctly","status":"passed","title":"should handle maxHeight prop correctly","duration":1.9908210000003237,"failureMessages":[],"meta":{}},{"ancestorTitles":["ImageWithFaceBoundingBoxes","Edge cases"],"fullName":"ImageWithFaceBoundingBoxes Edge cases should use default maxHeight when not provided","status":"passed","title":"should use default maxHeight when not provided","duration":1.399822000000313,"failureMessages":[],"meta":{}},{"ancestorTitles":["ImageWithFaceBoundingBoxes","Edge cases"],"fullName":"ImageWithFaceBoundingBoxes Edge cases should handle many faces efficiently","status":"passed","title":"should handle many faces efficiently","duration":29.848691999999573,"failureMessages":[],"meta":{}},{"ancestorTitles":["ImageWithFaceBoundingBoxes","Edge cases"],"fullName":"ImageWithFaceBoundingBoxes Edge cases should handle very long label text","status":"passed","title":"should handle very long label text","duration":4.179278999999951,"failureMessages":[],"meta":{}},{"ancestorTitles":["ImageWithFaceBoundingBoxes","Edge cases"],"fullName":"ImageWithFaceBoundingBoxes Edge cases should handle special characters in labels","status":"passed","title":"should handle special characters in labels","duration":3.819481000000451,"failureMessages":[],"meta":{}},{"ancestorTitles":["ImageWithFaceBoundingBoxes","Edge cases"],"fullName":"ImageWithFaceBoundingBoxes Edge cases should handle confidence of 0 (treated as falsy, no percentage shown)","status":"passed","title":"should handle confidence of 0 (treated as falsy, no percentage shown)","duration":4.450917000000118,"failureMessages":[],"meta":{}},{"ancestorTitles":["ImageWithFaceBoundingBoxes","Edge cases"],"fullName":"ImageWithFaceBoundingBoxes Edge cases should handle confidence of 1","status":"passed","title":"should handle confidence of 1","duration":4.563842000000477,"failureMessages":[],"meta":{}}],"startTime":1768101224196,"endTime":1768101224466.5637,"status":"passed","message":"","name":"/export/workspace/image-search/image-search-ui/src/tests/components/ImageWithFaceBoundingBoxes.test.ts"},{"assertionResults":[{"ancestorTitles":["PersonPhotosTab"],"fullName":"PersonPhotosTab renders loading state initially","status":"passed","title":"renders loading state initially","duration":105.66186299999936,"failureMessages":[],"meta":{}},{"ancestorTitles":["PersonPhotosTab"],"fullName":"PersonPhotosTab displays photos after loading","status":"passed","title":"displays photos after loading","duration":55.07862800000112,"failureMessages":[],"meta":{}},{"ancestorTitles":["PersonPhotosTab"],"fullName":"PersonPhotosTab shows empty state when no photos","status":"passed","title":"shows empty state when no photos","duration":10.025719999999637,"failureMessages":[],"meta":{}},{"ancestorTitles":["PersonPhotosTab"],"fullName":"PersonPhotosTab shows error state on API failure","status":"passed","title":"shows error state on API failure","duration":9.48861399999987,"failureMessages":[],"meta":{}},{"ancestorTitles":["PersonPhotosTab"],"fullName":"PersonPhotosTab allows selecting and deselecting photos","status":"passed","title":"allows selecting and deselecting photos","duration":32.53238500000043,"failureMessages":[],"meta":{}},{"ancestorTitles":["PersonPhotosTab"],"fullName":"PersonPhotosTab select all toggles all photos","status":"passed","title":"select all toggles all photos","duration":46.69052400000146,"failureMessages":[],"meta":{}},{"ancestorTitles":["PersonPhotosTab"],"fullName":"PersonPhotosTab shows pagination when more than one page","status":"passed","title":"shows pagination when more than one page","duration":35.36193699999967,"failureMessages":[],"meta":{}},{"ancestorTitles":["PersonPhotosTab"],"fullName":"PersonPhotosTab displays mixed badge for photos with non-person faces","status":"passed","title":"displays mixed badge for photos with non-person faces","duration":6.25308700000096,"failureMessages":[],"meta":{}},{"ancestorTitles":["PersonPhotosTab"],"fullName":"PersonPhotosTab calls onPhotoClick when photo is clicked","status":"passed","title":"calls onPhotoClick when photo is clicked","duration":10.590368000001035,"failureMessages":[],"meta":{}}],"startTime":1768101232060,"endTime":1768101232372.5903,"status":"passed","message":"","name":"/export/workspace/image-search/image-search-ui/src/tests/components/PersonPhotosTab.test.ts"},{"assertionResults":[{"ancestorTitles":["PersonSearchBar","Rendering"],"fullName":"PersonSearchBar Rendering renders search input with correct placeholder","status":"passed","title":"renders search input with correct placeholder","duration":38.79950899999949,"failureMessages":[],"meta":{}},{"ancestorTitles":["PersonSearchBar","Rendering"],"fullName":"PersonSearchBar Rendering renders with custom placeholder","status":"passed","title":"renders with custom placeholder","duration":9.125780999999733,"failureMessages":[],"meta":{}},{"ancestorTitles":["PersonSearchBar","Rendering"],"fullName":"PersonSearchBar Rendering shows loading state when loading=true","status":"passed","title":"shows loading state when loading=true","duration":7.447688000000198,"failureMessages":[],"meta":{}},{"ancestorTitles":["PersonSearchBar","Rendering"],"fullName":"PersonSearchBar Rendering shows selected person badge when person is selected","status":"passed","title":"shows selected person badge when person is selected","duration":8.55967099999998,"failureMessages":[],"meta":{}},{"ancestorTitles":["PersonSearchBar","Rendering"],"fullName":"PersonSearchBar Rendering displays person initials in badge avatar","status":"passed","title":"displays person initials in badge avatar","duration":4.2305059999998775,"failureMessages":[],"meta":{}},{"ancestorTitles":["PersonSearchBar","Rendering"],"fullName":"PersonSearchBar Rendering does not show search input when person is selected","status":"passed","title":"does not show search input when person is selected","duration":3.5681219999996756,"failureMessages":[],"meta":{}},{"ancestorTitles":["PersonSearchBar","Dropdown Behavior"],"fullName":"PersonSearchBar Dropdown Behavior shows dropdown when user focuses input","status":"passed","title":"shows dropdown when user focuses input","duration":18.94126000000051,"failureMessages":[],"meta":{}},{"ancestorTitles":["PersonSearchBar","Dropdown Behavior"],"fullName":"PersonSearchBar Dropdown Behavior shows dropdown when user types in input","status":"passed","title":"shows dropdown when user types in input","duration":8.46624299999985,"failureMessages":[],"meta":{}},{"ancestorTitles":["PersonSearchBar","Dropdown Behavior"],"fullName":"PersonSearchBar Dropdown Behavior does not open dropdown when loading=true","status":"passed","title":"does not open dropdown when loading=true","duration":7.757669999999962,"failureMessages":[],"meta":{}},{"ancestorTitles":["PersonSearchBar","Dropdown Behavior"],"fullName":"PersonSearchBar Dropdown Behavior shows all persons when search is empty","status":"passed","title":"shows all persons when search is empty","duration":12.198798000000352,"failureMessages":[],"meta":{}},{"ancestorTitles":["PersonSearchBar","Filtering"],"fullName":"PersonSearchBar Filtering filters persons case-insensitively as user types","status":"passed","title":"filters persons case-insensitively as user types","duration":9.296266999999716,"failureMessages":[],"meta":{}},{"ancestorTitles":["PersonSearchBar","Filtering"],"fullName":"PersonSearchBar Filtering shows \"No persons found\" for non-matching search","status":"passed","title":"shows \"No persons found\" for non-matching search","duration":15.466647000000194,"failureMessages":[],"meta":{}},{"ancestorTitles":["PersonSearchBar","Filtering"],"fullName":"PersonSearchBar Filtering shows \"No persons available\" when persons list is empty","status":"passed","title":"shows \"No persons available\" when persons list is empty","duration":6.758281999999781,"failureMessages":[],"meta":{}},{"ancestorTitles":["PersonSearchBar","Filtering"],"fullName":"PersonSearchBar Filtering filters by partial name match","status":"passed","title":"filters by partial name match","duration":9.31092499999977,"failureMessages":[],"meta":{}},{"ancestorTitles":["PersonSearchBar","Selection"],"fullName":"PersonSearchBar Selection calls onSelect with personId and personName when person is clicked","status":"passed","title":"calls onSelect with personId and personName when person is clicked","duration":14.651409999999487,"failureMessages":[],"meta":{}},{"ancestorTitles":["PersonSearchBar","Selection"],"fullName":"PersonSearchBar Selection closes dropdown after selecting person","status":"passed","title":"closes dropdown after selecting person","duration":11.83619599999929,"failureMessages":[],"meta":{}},{"ancestorTitles":["PersonSearchBar","Selection"],"fullName":"PersonSearchBar Selection clears search query after selecting person","status":"passed","title":"clears search query after selecting person","duration":10.162199999999757,"failureMessages":[],"meta":{}},{"ancestorTitles":["PersonSearchBar","Selection"],"fullName":"PersonSearchBar Selection displays face count in option meta","status":"passed","title":"displays face count in option meta","duration":6.9805059999998775,"failureMessages":[],"meta":{}},{"ancestorTitles":["PersonSearchBar","Clearing Selection"],"fullName":"PersonSearchBar Clearing Selection shows clear button when person is selected","status":"passed","title":"shows clear button when person is selected","duration":5.360273000000234,"failureMessages":[],"meta":{}},{"ancestorTitles":["PersonSearchBar","Clearing Selection"],"fullName":"PersonSearchBar Clearing Selection calls onSelect with null when clear button clicked","status":"passed","title":"calls onSelect with null when clear button clicked","duration":4.982150999999249,"failureMessages":[],"meta":{}},{"ancestorTitles":["PersonSearchBar","Clearing Selection"],"fullName":"PersonSearchBar Clearing Selection clears search query when clear button clicked","status":"passed","title":"clears search query when clear button clicked","duration":4.955840000000535,"failureMessages":[],"meta":{}},{"ancestorTitles":["PersonSearchBar","Keyboard Navigation"],"fullName":"PersonSearchBar Keyboard Navigation closes dropdown and blurs input on Escape key","status":"passed","title":"closes dropdown and blurs input on Escape key","duration":11.85870900000009,"failureMessages":[],"meta":{}},{"ancestorTitles":["PersonSearchBar","Keyboard Navigation"],"fullName":"PersonSearchBar Keyboard Navigation opens dropdown on ArrowDown when closed","status":"passed","title":"opens dropdown on ArrowDown when closed","duration":12.156095999999707,"failureMessages":[],"meta":{}},{"ancestorTitles":["PersonSearchBar","Keyboard Navigation"],"fullName":"PersonSearchBar Keyboard Navigation highlights first option on ArrowDown when dropdown is open","status":"passed","title":"highlights first option on ArrowDown when dropdown is open","duration":9.772906999999577,"failureMessages":[],"meta":{}},{"ancestorTitles":["PersonSearchBar","Keyboard Navigation"],"fullName":"PersonSearchBar Keyboard Navigation navigates down through options with ArrowDown","status":"passed","title":"navigates down through options with ArrowDown","duration":8.525515999999698,"failureMessages":[],"meta":{}},{"ancestorTitles":["PersonSearchBar","Keyboard Navigation"],"fullName":"PersonSearchBar Keyboard Navigation navigates up through options with ArrowUp","status":"passed","title":"navigates up through options with ArrowUp","duration":9.596219999999448,"failureMessages":[],"meta":{}},{"ancestorTitles":["PersonSearchBar","Keyboard Navigation"],"fullName":"PersonSearchBar Keyboard Navigation selects highlighted option on Enter key","status":"passed","title":"selects highlighted option on Enter key","duration":8.552846999999929,"failureMessages":[],"meta":{}},{"ancestorTitles":["PersonSearchBar","Keyboard Navigation"],"fullName":"PersonSearchBar Keyboard Navigation does not select when Enter pressed with no highlight","status":"passed","title":"does not select when Enter pressed with no highlight","duration":8.895762000000104,"failureMessages":[],"meta":{}},{"ancestorTitles":["PersonSearchBar","Keyboard Navigation"],"fullName":"PersonSearchBar Keyboard Navigation prevents ArrowDown from scrolling page","status":"passed","title":"prevents ArrowDown from scrolling page","duration":18.840526999999383,"failureMessages":[],"meta":{}},{"ancestorTitles":["PersonSearchBar","Keyboard Navigation"],"fullName":"PersonSearchBar Keyboard Navigation prevents ArrowUp from scrolling page","status":"passed","title":"prevents ArrowUp from scrolling page","duration":9.40075699999943,"failureMessages":[],"meta":{}},{"ancestorTitles":["PersonSearchBar","Loading State"],"fullName":"PersonSearchBar Loading State does not show dropdown when loading is true","status":"passed","title":"does not show dropdown when loading is true","duration":4.461486999999579,"failureMessages":[],"meta":{}},{"ancestorTitles":["PersonSearchBar","Loading State"],"fullName":"PersonSearchBar Loading State disables input when loading=true","status":"passed","title":"disables input when loading=true","duration":3.9987539999992805,"failureMessages":[],"meta":{}},{"ancestorTitles":["PersonSearchBar","Accessibility"],"fullName":"PersonSearchBar Accessibility has proper ARIA attributes on input","status":"passed","title":"has proper ARIA attributes on input","duration":4.183627000000342,"failureMessages":[],"meta":{}},{"ancestorTitles":["PersonSearchBar","Accessibility"],"fullName":"PersonSearchBar Accessibility updates aria-expanded when dropdown opens","status":"passed","title":"updates aria-expanded when dropdown opens","duration":8.174704999999449,"failureMessages":[],"meta":{}},{"ancestorTitles":["PersonSearchBar","Accessibility"],"fullName":"PersonSearchBar Accessibility has proper role attributes on dropdown elements","status":"passed","title":"has proper role attributes on dropdown elements","duration":7.646066999999675,"failureMessages":[],"meta":{}},{"ancestorTitles":["PersonSearchBar","Accessibility"],"fullName":"PersonSearchBar Accessibility has accessible label on clear button","status":"passed","title":"has accessible label on clear button","duration":4.314717000000201,"failureMessages":[],"meta":{}},{"ancestorTitles":["PersonSearchBar","Custom Test IDs"],"fullName":"PersonSearchBar Custom Test IDs uses custom testId prop","status":"passed","title":"uses custom testId prop","duration":2.842816999999741,"failureMessages":[],"meta":{}},{"ancestorTitles":["PersonSearchBar","Custom Test IDs"],"fullName":"PersonSearchBar Custom Test IDs generates correct test IDs for child elements","status":"passed","title":"generates correct test IDs for child elements","duration":5.269549999999981,"failureMessages":[],"meta":{}}],"startTime":1768101224309,"endTime":1768101224669.2695,"status":"passed","message":"","name":"/export/workspace/image-search/image-search-ui/src/tests/components/PersonSearchBar.test.ts"},{"assertionResults":[{"ancestorTitles":["PhotoPreviewModal - Face Unassignment"],"fullName":"PhotoPreviewModal - Face Unassignment shows unassign button for labeled faces","status":"passed","title":"shows unassign button for labeled faces","duration":186.81588899999952,"failureMessages":[],"meta":{}},{"ancestorTitles":["PhotoPreviewModal - Face Unassignment"],"fullName":"PhotoPreviewModal - Face Unassignment does not show unassign button for unlabeled faces","status":"passed","title":"does not show unassign button for unlabeled faces","duration":46.74503799999911,"failureMessages":[],"meta":{}},{"ancestorTitles":["PhotoPreviewModal - Face Unassignment"],"fullName":"PhotoPreviewModal - Face Unassignment calls unassignFace API when unassign button is clicked and confirmed","status":"passed","title":"calls unassignFace API when unassign button is clicked and confirmed","duration":45.685114999998405,"failureMessages":[],"meta":{}},{"ancestorTitles":["PhotoPreviewModal - Face Unassignment"],"fullName":"PhotoPreviewModal - Face Unassignment does not call API when user cancels confirmation","status":"passed","title":"does not call API when user cancels confirmation","duration":26.474350000000413,"failureMessages":[],"meta":{}},{"ancestorTitles":["PhotoPreviewModal - Face Unassignment"],"fullName":"PhotoPreviewModal - Face Unassignment updates UI after successful unassignment","status":"passed","title":"updates UI after successful unassignment","duration":36.98030699999981,"failureMessages":[],"meta":{}},{"ancestorTitles":["PhotoPreviewModal - Face Unassignment"],"fullName":"PhotoPreviewModal - Face Unassignment shows error message when unassignment fails","status":"passed","title":"shows error message when unassignment fails","duration":54.189110000001165,"failureMessages":[],"meta":{}},{"ancestorTitles":["PhotoPreviewModal - Face Unassignment"],"fullName":"PhotoPreviewModal - Face Unassignment shows loading state while unassigning","status":"failed","title":"shows loading state while unassigning","duration":1039.6679399999994,"failureMessages":["Error: \u001b[2mexpect(\u001b[22m\u001b[31melement\u001b[39m\u001b[2m).toBeDisabled()\u001b[22m\n\nReceived element is not disabled:\n  \u001b[31m<button\n  aria-label=\"Unassign this face from John Smith\"\n  class=\"focus-visible:border-ring aria-invalid:ring-destructive/20 dark:aria-invalid:ring-destructive/40 aria-invalid:border-destructive inline-flex shrink-0 items-center justify-center gap-2 text-sm font-medium whitespace-nowrap transition-all outline-none focus-visible:ring-[3px] disabled:pointer-events-none disabled:opacity-50 aria-disabled:pointer-events-none aria-disabled:opacity-50 [&_svg]:pointer-events-none [&_svg]:shrink-0 [&_svg:not([class*='size-'])]:size-4 bg-destructive hover:bg-destructive/90 focus-visible:ring-destructive/20 dark:focus-visible:ring-destructive/40 dark:bg-destructive/60 text-white shadow-xs size-8 flex-shrink-0 mr-2 h-6 w-6 rounded-full\"\n  data-slot=\"button\"\n  title=\"Remove label\"\n  type=\"button\"\n/>\u001b[39m\n\nIgnored nodes: comments, script, style\n\u001b[36m<html>\u001b[39m\n  \u001b[36m<head />\u001b[39m\n  \u001b[36m<body\u001b[39m\n    \u001b[33mstyle\u001b[39m=\u001b[32m\"--scrollbar-width: 1024px; overflow: hidden; pointer-events: none;\"\u001b[39m\n  \u001b[36m>\u001b[39m\n    \u001b[36m<div>\u001b[39m\n      \u001b[0m\u001b[0m\n      \u001b[0m\u001b[0m\n      \u001b[0m\u001b[0m\n      \u001b[0m\u001b[0m\n      \u001b[0m\u001b[0m\n      \u001b[0m\u001b[0m\n      \u001b[0m\u001b[0m\n      \u001b[0m\u001b[0m\n    \u001b[36m</div>\u001b[39m\n    \u001b[36m<div\u001b[39m\n      \u001b[33mclass\u001b[39m=\u001b[32m\"data-[state=open]:animate-in data-[state=closed]:animate-out data-[state=closed]:fade-out-0 data-[state=open]:fade-in-0 fixed inset-0 z-50 bg-black/50\"\u001b[39m\n      \u001b[33mdata-dialog-overlay\u001b[39m=\u001b[32m\"\"\u001b[39m\n      \u001b[33mdata-slot\u001b[39m=\u001b[32m\"dialog-overlay\"\u001b[39m\n      \u001b[33mdata-state\u001b[39m=\u001b[32m\"open\"\u001b[39m\n      \u001b[33mid\u001b[39m=\u001b[32m\"bits-c25\"\u001b[39m\n      \u001b[33mstyle\u001b[39m=\u001b[32m\"pointer-events: auto; --bits-dialog-depth: 0; --bits-dialog-nested-count: 0;\"\u001b[39m\n    \u001b[36m/>\u001b[39m\n    \u001b[0m\u001b[0m\n    \u001b[0m\u001b[0m\n    \u001b[0m\u001b[0m\n    \u001b[0m \u001b[0m\n    \u001b[0m \u001b[0m\n    \u001b[36m<div\u001b[39m\n      \u001b[33maria-labelledby\u001b[39m=\u001b[32m\"bits-c27\"\u001b[39m\n      \u001b[33maria-modal\u001b[39m=\u001b[32m\"true\"\u001b[39m\n      \u001b[33mclass\u001b[39m=\u001b[32m\"bg-background data-[state=open]:animate-in data-[state=closed]:animate-out data-[state=closed]:fade-out-0 data-[state=open]:fade-in-0 data-[state=closed]:zoom-out-95 data-[state=open]:zoom-in-95 fixed top-[50%] left-[50%] z-50 max-w-[calc(100%-2rem)] translate-x-[-50%] translate-y-[-50%] rounded-lg border shadow-lg duration-200 sm:max-w-lg !max-w-[98vw] max-h-[98vh] w-[98vw] h-[98vh] p-0 gap-0 flex flex-col\"\u001b[39m\n      \u001b[33mdata-dialog-content\u001b[39m=\u001b[32m\"\"\u001b[39m\n      \u001b[33mdata-slot\u001b[39m=\u001b[32m\"dialog-content\"\u001b[39m\n      \u001b[33mdata-state\u001b[39m=\u001b[32m\"open\"\u001b[39m\n      \u001b[33mid\u001b[39m=\u001b[32m\"bits-c26\"\u001b[39m\n      \u001b[33mrole\u001b[39m=\u001b[32m\"dialog\"\u001b[39m\n      \u001b[33mstyle\u001b[39m=\u001b[32m\"pointer-events: auto; --bits-dialog-depth: 0; --bits-dialog-nested-count: 0;\"\u001b[39m\n      \u001b[33mtabindex\u001b[39m=\u001b[32m\"-1\"\u001b[39m\n    \u001b[36m>\u001b[39m\n      \u001b[36m<div\u001b[39m\n        \u001b[33mclass\u001b[39m=\u001b[32m\"flex gap-2 text-center sm:text-start border-b px-6 py-4 flex-row justify-between items-center flex-shrink-0\"\u001b[39m\n        \u001b[33mdata-slot\u001b[39m=\u001b[32m\"dialog-header\"\u001b[39m\n      \u001b[36m>\u001b[39m\n        \u001b[36m<div\u001b[39m\n          \u001b[33mclass\u001b[39m=\u001b[32m\"flex flex-col gap-1 flex-1\"\u001b[39m\n        \u001b[36m>\u001b[39m\n          \u001b[36m<div\u001b[39m\n            \u001b[33maria-level\u001b[39m=\u001b[32m\"2\"\u001b[39m\n            \u001b[33mclass\u001b[39m=\u001b[32m\"text-lg font-semibold\"\u001b[39m\n            \u001b[33mdata-dialog-title\u001b[39m=\u001b[32m\"\"\u001b[39m\n            \u001b[33mdata-slot\u001b[39m=\u001b[32m\"dialog-title\"\u001b[39m\n            \u001b[33mdata-state\u001b[39m=\u001b[32m\"open\"\u001b[39m\n            \u001b[33mid\u001b[39m=\u001b[32m\"bits-c27\"\u001b[39m\n            \u001b[33mrole\u001b[39m=\u001b[32m\"heading\"\u001b[39m\n          \u001b[36m>\u001b[39m\n            \u001b[0mPhoto Preview\u001b[0m\n            \u001b[0m\u001b[0m\n          \u001b[36m</div>\u001b[39m\n          \u001b[0m\u001b[0m\n          \u001b[0m\u001b[0m\n          \u001b[0m \u001b[0m\n          \u001b[36m<div\u001b[39m\n            \u001b[33mclass\u001b[39m=\u001b[32m\"flex flex-wrap gap-3 text-sm text-muted-foreground\"\u001b[39m\n          \u001b[36m>\u001b[39m\n            \u001b[36m<span\u001b[39m\n              \u001b[33mclass\u001b[39m=\u001b[32m\"flex items-center gap-1\"\u001b[39m\n            \u001b[36m>\u001b[39m\n              \u001b[36m<span\u001b[39m\n                \u001b[33maria-hidden\u001b[39m=\u001b[32m\"true\"\u001b[39m\n              \u001b[36m>\u001b[39m\n                \u001b[0m📅\u001b[0m\n              \u001b[36m</span>\u001b[39m\n              \u001b[0m \u001b[0m\n              \u001b[36m<span>\u001b[39m\n                \u001b[0mDecember 19, 2024\u001b[0m\n              \u001b[36m</span>\u001b[39m\n            \u001b[36m</span>\u001b[39m\n            \u001b[0m \u001b[0m\n            \u001b[0m \u001b[0m\n            \u001b[0m \u001b[0m\n            \u001b[36m<span\u001b[39m\n              \u001b[33mclass\u001b[39m=\u001b[32m\"flex items-center gap-1\"\u001b[39m\n              \u001b[33mtitle\u001b[39m=\u001b[32m\"/photos/test-photo.jpg\"\u001b[39m\n            \u001b[36m>\u001b[39m\n              \u001b[36m<span\u001b[39m\n                \u001b[33maria-hidden\u001b[39m=\u001b[32m\"true\"\u001b[39m\n              \u001b[36m>\u001b[39m\n                \u001b[0m📁\u001b[0m\n              \u001b[36m</span>\u001b[39m\n              \u001b[0m \u001b[0m\n              \u001b[36m<span\u001b[39m\n                \u001b[33mclass\u001b[39m=\u001b[32m\"truncate max-w-[300px]\"\u001b[39m\n              \u001b[36m>\u001b[39m\n                \u001b[0mtest-photo.jpg\u001b[0m\n              \u001b[36m</span>\u001b[39m\n              \u001b[0m \u001b[0m\n              \u001b[36m<button\u001b[39m\n                \u001b[33maria-label\u001b[39m=\u001b[32m\"Copy full path to clipboard\"\u001b[39m\n                \u001b[33mclass\u001b[39m=\u001b[32m\"copy-path-btn svelte-esnvug\"\u001b[39m\n                \u001b[33mtitle\u001b[39m=\u001b[32m\"Copy full path\"\u001b[39m\n                \u001b[33mtype\u001b[39m=\u001b[32m\"button\"\u001b[39m\n              \u001b[36m>\u001b[39m\n                \u001b[0m📋\u001b[0m\n              \u001b[36m</button>\u001b[39m\n            \u001b[36m</span>\u001b[39m\n          \u001b[36m</div>\u001b[39m\n        \u001b[36m</div>\u001b[39m\n        \u001b[0m \u001b[0m\n        \u001b[36m<button\u001b[39m\n          \u001b[33mclass\u001b[39m=\u001b[32m\"relative opacity-70 hover:opacity-100 ml-4\"\u001b[39m\n          \u001b[33mdata-dialog-close\u001b[39m=\u001b[32m\"\"\u001b[39m\n          \u001b[33mdata-slot\u001b[39m=\u001b[32m\"dialog-close\"\u001b[39m\n          \u001b[33mdata-state\u001b[39m=\u001b[32m\"open\"\u001b[39m\n          \u001b[33mid\u001b[39m=\u001b[32m\"bits-c28\"\u001b[39m\n          \u001b[33mtabindex\u001b[39m=\u001b[32m\"0\"\u001b[39m\n        \u001b[36m>\u001b[39m\n          \u001b[36m<svg\u001b[39m\n            \u001b[33mclass\u001b[39m=\u001b[32m\"h-5 w-5\"\u001b[39m\n            \u001b[33mfill\u001b[39m=\u001b[32m\"none\"\u001b[39m\n            \u001b[33mstroke\u001b[39m=\u001b[32m\"currentColor\"\u001b[39m\n            \u001b[33mstroke-width\u001b[39m=\u001b[32m\"2\"\u001b[39m\n            \u001b[33mviewBox\u001b[39m=\u001b[32m\"0 0 24 24\"\u001b[39m\n          \u001b[36m>\u001b[39m\n            \u001b[36m<line\u001b[39m\n              \u001b[33mx1\u001b[39m=\u001b[32m\"18\"\u001b[39m\n              \u001b[33mx2\u001b[39m=\u001b[32m\"6\"\u001b[39m\n              \u001b[33my1\u001b[39m=\u001b[32m\"6\"\u001b[39m\n              \u001b[33my2\u001b[39m=\u001b[32m\"18\"\u001b[39m\n            \u001b[36m/>\u001b[39m\n            \u001b[36m<line\u001b[39m\n              \u001b[33mx1\u001b[39m=\u001b[32m\"6\"\u001b[39m\n              \u001b[33mx2\u001b[39m=\u001b[32m\"18\"\u001b[39m\n              \u001b[33my1\u001b[39m=\u001b[32m\"6\"\u001b[39m\n              \u001b[33my2\u001b[39m=\u001b[32m\"18\"\u001b[39m\n            \u001b[36m/>\u001b[39m\n          \u001b[36m</svg>\u001b[39m\n          \u001b[0m \u001b[0m\n          \u001b[36m<span\u001b[39m\n            \u001b[33mclass\u001b[39m=\u001b[32m\"sr-only\"\u001b[39m\n          \u001b[36m>\u001b[39m\n            \u001b[0mClose\u001b[0m\n          \u001b[36m</span>\u001b[39m\n        \u001b[36m</button>\u001b[39m\n        \u001b[0m\u001b[0m\n        \u001b[0m\u001b[0m\n      \u001b[36m</div>\u001b[39m\n      \u001b[0m \u001b[0m\n      \u001b[0m \u001b[0m\n      \u001b[36m<div\u001b[39m\n        \u001b[33mclass\u001b[39m=\u001b[32m\"modal-body svelte-esnvug\"\u001b[39m\n      \u001b[36m>\u001b[39m\n        \u001b[36m<div\u001b[39m\n          \u001b[33mclass\u001b[39m=\u001b[32m\"photo-container svelte-esnvug\"\u001b[39m\n        \u001b[36m>\u001b[39m\n          \u001b[0m \u001b[0m\n          \u001b[36m<div\u001b[39m\n            \u001b[33mclass\u001b[39m=\u001b[32m\"image-with-faces svelte-1ovu12\"\u001b[39m\n            \u001b[33mstyle\u001b[39m=\u001b[32m\"--max-height: 100%;\"\u001b[39m\n          \u001b[36m>\u001b[39m\n            \u001b[36m<img\u001b[39m\n              \u001b[33malt\u001b[39m=\u001b[32m\"Image with 2 detected faces\"\u001b[39m\n              \u001b[33mclass\u001b[39m=\u001b[32m\"svelte-1ovu12\"\u001b[39m\n              \u001b[33msrc\u001b[39m=\u001b[32m\"http://localhost:8000/api/v1/images/1/full\"\u001b[39m\n            \u001b[36m/>\u001b[39m\n            \u001b[0m \u001b[0m\n          \u001b[36m</div>\u001b[39m\n          \u001b[0m \u001b[0m\n        \u001b[36m</div>\u001b[39m\n        \u001b[0m \u001b[0m\n        \u001b[36m<aside\u001b[39m\n          \u001b[33maria-label\u001b[39m=\u001b[32m\"Detected faces\"\u001b[39m\n          \u001b[33mclass\u001b[39m=\u001b[32m\"face-sidebar-container svelte-esnvug\"\u001b[39m\n        \u001b[36m>\u001b[39m\n          \u001b[36m<aside\u001b[39m\n            \u001b[33maria-label\u001b[39m=\u001b[32m\"Detected faces\"\u001b[39m\n            \u001b[33mclass\u001b[39m=\u001b[32m\"face-sidebar svelte-1...\n    at Proxy.expectWrapper (file:///export/workspace/image-search/image-search-ui/node_modules/@vitest/expect/dist/index.js:1821:12)\n    at Proxy.<anonymous> (file:///export/workspace/image-search/image-search-ui/node_modules/@vitest/expect/dist/index.js:1090:14)\n    at Proxy.methodWrapper (file:///export/workspace/image-search/image-search-ui/node_modules/chai/index.js:1700:25)\n    at /export/workspace/image-search/image-search-ui/src/tests/components/PhotoPreviewModal.test.ts:309:27\n    at runWithExpensiveErrorDiagnosticsDisabled (/export/workspace/image-search/image-search-ui/node_modules/@testing-library/dom/dist/config.js:47:12)\n    at checkCallback (/export/workspace/image-search/image-search-ui/node_modules/@testing-library/dom/dist/wait-for.js:124:77)\n    at Timeout.checkRealTimersCallback (/export/workspace/image-search/image-search-ui/node_modules/@testing-library/dom/dist/wait-for.js:118:16)\n    at listOnTimeout (node:internal/timers:588:17)\n    at processTimers (node:internal/timers:523:7)"],"meta":{}},{"ancestorTitles":["PhotoPreviewModal - Face Unassignment"],"fullName":"PhotoPreviewModal - Face Unassignment allows dismissing error message","status":"passed","title":"allows dismissing error message","duration":40.78422900000078,"failureMessages":[],"meta":{}},{"ancestorTitles":["PhotoPreviewModal - Face Unassignment"],"fullName":"PhotoPreviewModal - Face Unassignment does not show unassign button when face is being assigned","status":"passed","title":"does not show unassign button when face is being assigned","duration":46.035563999999795,"failureMessages":[],"meta":{}},{"ancestorTitles":["PhotoPreviewModal - Face Unassignment"],"fullName":"PhotoPreviewModal - Face Unassignment calls onFaceAssigned callback when face is unassigned","status":"passed","title":"calls onFaceAssigned callback when face is unassigned","duration":21.80979599999955,"failureMessages":[],"meta":{}},{"ancestorTitles":["PhotoPreviewModal - Person Name Display (Regression Tests)"],"fullName":"PhotoPreviewModal - Person Name Display (Regression Tests) displays person name when personName is provided","status":"passed","title":"displays person name when personName is provided","duration":15.431909999999334,"failureMessages":[],"meta":{}},{"ancestorTitles":["PhotoPreviewModal - Person Name Display (Regression Tests)"],"fullName":"PhotoPreviewModal - Person Name Display (Regression Tests) displays \"Unknown\" only when personId AND personName are both null","status":"passed","title":"displays \"Unknown\" only when personId AND personName are both null","duration":16.339171999999962,"failureMessages":[],"meta":{}},{"ancestorTitles":["PhotoPreviewModal - Person Name Display (Regression Tests)"],"fullName":"PhotoPreviewModal - Person Name Display (Regression Tests) regression - displays person name even when personId is set but personName was initially null (backend bug scenario)","status":"passed","title":"regression - displays person name even when personId is set but personName was initially null (backend bug scenario)","duration":13.566429000000426,"failureMessages":[],"meta":{}},{"ancestorTitles":["PhotoPreviewModal - Person Name Display (Regression Tests)"],"fullName":"PhotoPreviewModal - Person Name Display (Regression Tests) displays multiple person names correctly in the same photo","status":"passed","title":"displays multiple person names correctly in the same photo","duration":20.543869000000996,"failureMessages":[],"meta":{}},{"ancestorTitles":["PhotoPreviewModal - Person Name Display (Regression Tests)"],"fullName":"PhotoPreviewModal - Person Name Display (Regression Tests) displays unassign button with correct person name in aria-label","status":"passed","title":"displays unassign button with correct person name in aria-label","duration":14.888573000000179,"failureMessages":[],"meta":{}}],"startTime":1768101232062,"endTime":1768101233688.8887,"status":"failed","message":"","name":"/export/workspace/image-search/image-search-ui/src/tests/components/PhotoPreviewModal.test.ts"},{"assertionResults":[{"ancestorTitles":["ResultsGrid"],"fullName":"ResultsGrid shows initial empty state when no search performed","status":"passed","title":"shows initial empty state when no search performed","duration":36.08941600000071,"failureMessages":[],"meta":{}},{"ancestorTitles":["ResultsGrid"],"fullName":"ResultsGrid shows no results message when search returns empty","status":"passed","title":"shows no results message when search returns empty","duration":7.198351999999431,"failureMessages":[],"meta":{}},{"ancestorTitles":["ResultsGrid"],"fullName":"ResultsGrid shows loading state during search","status":"passed","title":"shows loading state during search","duration":5.878713000000062,"failureMessages":[],"meta":{}},{"ancestorTitles":["ResultsGrid"],"fullName":"ResultsGrid renders grid of results with images and paths","status":"passed","title":"renders grid of results with images and paths","duration":51.0503379999991,"failureMessages":[],"meta":{}},{"ancestorTitles":["ResultsGrid"],"fullName":"ResultsGrid displays score as percentage","status":"passed","title":"displays score as percentage","duration":10.14694099999906,"failureMessages":[],"meta":{}},{"ancestorTitles":["ResultsGrid"],"fullName":"ResultsGrid displays highlights when available","status":"passed","title":"displays highlights when available","duration":8.574969999999666,"failureMessages":[],"meta":{}},{"ancestorTitles":["ResultsGrid"],"fullName":"ResultsGrid handles single result with correct pluralization","status":"passed","title":"handles single result with correct pluralization","duration":6.643292000000656,"failureMessages":[],"meta":{}},{"ancestorTitles":["ResultsGrid"],"fullName":"ResultsGrid renders result cards with proper structure","status":"passed","title":"renders result cards with proper structure","duration":15.406802000001335,"failureMessages":[],"meta":{}},{"ancestorTitles":["ResultsGrid"],"fullName":"ResultsGrid formats dates correctly","status":"passed","title":"formats dates correctly","duration":5.997079000000667,"failureMessages":[],"meta":{}},{"ancestorTitles":["ResultsGrid"],"fullName":"ResultsGrid handles empty highlights array","status":"passed","title":"handles empty highlights array","duration":4.831233000000793,"failureMessages":[],"meta":{}},{"ancestorTitles":["ResultsGrid"],"fullName":"ResultsGrid displays images with lazy loading and correct URLs","status":"passed","title":"displays images with lazy loading and correct URLs","duration":5.762211000001116,"failureMessages":[],"meta":{}}],"startTime":1768101232065,"endTime":1768101232222.7622,"status":"passed","message":"","name":"/export/workspace/image-search/image-search-ui/src/tests/components/ResultsGrid.test.ts"},{"assertionResults":[{"ancestorTitles":["SearchBar"],"fullName":"SearchBar renders with default placeholder","status":"passed","title":"renders with default placeholder","duration":32.51326900000004,"failureMessages":[],"meta":{}},{"ancestorTitles":["SearchBar"],"fullName":"SearchBar renders with custom placeholder","status":"passed","title":"renders with custom placeholder","duration":5.354521000000204,"failureMessages":[],"meta":{}},{"ancestorTitles":["SearchBar"],"fullName":"SearchBar disables search button when input is empty","status":"passed","title":"disables search button when input is empty","duration":6.008199999999988,"failureMessages":[],"meta":{}},{"ancestorTitles":["SearchBar"],"fullName":"SearchBar enables search button when input has text","status":"passed","title":"enables search button when input has text","duration":11.983285999999907,"failureMessages":[],"meta":{}},{"ancestorTitles":["SearchBar"],"fullName":"SearchBar calls onSearch with trimmed query on form submit","status":"passed","title":"calls onSearch with trimmed query on form submit","duration":6.899200999999948,"failureMessages":[],"meta":{}},{"ancestorTitles":["SearchBar"],"fullName":"SearchBar does not call onSearch when query is empty","status":"passed","title":"does not call onSearch when query is empty","duration":4.912718999999925,"failureMessages":[],"meta":{}},{"ancestorTitles":["SearchBar"],"fullName":"SearchBar shows clear button when input has text","status":"passed","title":"shows clear button when input has text","duration":7.783770000000004,"failureMessages":[],"meta":{}},{"ancestorTitles":["SearchBar"],"fullName":"SearchBar clears input when clear button is clicked","status":"passed","title":"clears input when clear button is clicked","duration":7.08778099999995,"failureMessages":[],"meta":{}}],"startTime":1768101225597,"endTime":1768101225680.088,"status":"passed","message":"","name":"/export/workspace/image-search/image-search-ui/src/tests/components/SearchBar.test.ts"},{"assertionResults":[{"ancestorTitles":["Categories Page"],"fullName":"Categories Page loads and displays categories on mount","status":"passed","title":"loads and displays categories on mount","du
[...]
iting should show edit button for birth date","status":"passed","title":"should show edit button for birth date","duration":9.641426000000138,"failureMessages":[],"meta":{}},{"ancestorTitles":["Person Detail Page","Birth Date Editing"],"fullName":"Person Detail Page Birth Date Editing should show date input when edit button is clicked","status":"passed","title":"should show date input when edit button is clicked","duration":19.476221000000805,"failureMessages":[],"meta":{}},{"ancestorTitles":["Person Detail Page","Birth Date Editing"],"fullName":"Person Detail Page Birth Date Editing should cancel editing when cancel button is clicked","status":"passed","title":"should cancel editing when cancel button is clicked","duration":30.467904000001,"failureMessages":[],"meta":{}},{"ancestorTitles":["Person Detail Page","Birth Date Editing"],"fullName":"Person Detail Page Birth Date Editing should save birth date when save button is clicked","status":"failed","title":"should save birth date when save button is clicked","duration":1019.9874419999996,"failureMessages":["Error: Unable to find an element with the text: /May 15, 1990/. This could be because the text is broken up by multiple elements. In this case, you can provide a function for your text matcher to make your matcher more flexible.\n\nIgnored nodes: comments, script, style\n\u001b[36m<body>\u001b[39m\n  \u001b[36m<div>\u001b[39m\n    \u001b[36m<main\u001b[39m\n      \u001b[33mclass\u001b[39m=\u001b[32m\"person-detail-page svelte-1n6g2x3\"\u001b[39m\n    \u001b[36m>\u001b[39m\n      \u001b[36m<nav\u001b[39m\n        \u001b[33mclass\u001b[39m=\u001b[32m\"breadcrumb svelte-1n6g2x3\"\u001b[39m\n      \u001b[36m>\u001b[39m\n        \u001b[36m<button\u001b[39m\n          \u001b[33mclass\u001b[39m=\u001b[32m\"back-link svelte-1n6g2x3\"\u001b[39m\n          \u001b[33mtype\u001b[39m=\u001b[32m\"button\"\u001b[39m\n        \u001b[36m>\u001b[39m\n          \u001b[36m<svg\u001b[39m\n            \u001b[33mclass\u001b[39m=\u001b[32m\"svelte-1n6g2x3\"\u001b[39m\n            \u001b[33mfill\u001b[39m=\u001b[32m\"none\"\u001b[39m\n            \u001b[33mstroke\u001b[39m=\u001b[32m\"currentColor\"\u001b[39m\n            \u001b[33mstroke-width\u001b[39m=\u001b[32m\"2\"\u001b[39m\n            \u001b[33mviewBox\u001b[39m=\u001b[32m\"0 0 24 24\"\u001b[39m\n          \u001b[36m>\u001b[39m\n            \u001b[36m<path\u001b[39m\n              \u001b[33md\u001b[39m=\u001b[32m\"M19 12H5M12 19l-7-7 7-7\"\u001b[39m\n            \u001b[36m/>\u001b[39m\n          \u001b[36m</svg>\u001b[39m\n          \u001b[0m Back to People\u001b[0m\n        \u001b[36m</button>\u001b[39m\n      \u001b[36m</nav>\u001b[39m\n      \u001b[0m \u001b[0m\n      \u001b[36m<header\u001b[39m\n        \u001b[33mclass\u001b[39m=\u001b[32m\"person-header svelte-1n6g2x3\"\u001b[39m\n      \u001b[36m>\u001b[39m\n        \u001b[36m<div\u001b[39m\n          \u001b[33mclass\u001b[39m=\u001b[32m\"person-avatar-large svelte-1n6g2x3\"\u001b[39m\n        \u001b[36m>\u001b[39m\n          \u001b[0mAS\u001b[0m\n        \u001b[36m</div>\u001b[39m\n        \u001b[0m \u001b[0m\n        \u001b[36m<div\u001b[39m\n          \u001b[33mclass\u001b[39m=\u001b[32m\"person-info svelte-1n6g2x3\"\u001b[39m\n        \u001b[36m>\u001b[39m\n          \u001b[36m<h1\u001b[39m\n            \u001b[33mclass\u001b[39m=\u001b[32m\"svelte-1n6g2x3\"\u001b[39m\n          \u001b[36m>\u001b[39m\n            \u001b[0mAlice Smith\u001b[0m\n          \u001b[36m</h1>\u001b[39m\n          \u001b[0m \u001b[0m\n          \u001b[36m<div\u001b[39m\n            \u001b[33mclass\u001b[39m=\u001b[32m\"person-meta svelte-1n6g2x3\"\u001b[39m\n          \u001b[36m>\u001b[39m\n            \u001b[36m<span\u001b[39m\n              \u001b[33mclass\u001b[39m=\u001b[32m\"stat svelte-1n6g2x3\"\u001b[39m\n            \u001b[36m>\u001b[39m\n              \u001b[36m<strong\u001b[39m\n                \u001b[33mclass\u001b[39m=\u001b[32m\"svelte-1n6g2x3\"\u001b[39m\n              \u001b[36m>\u001b[39m\n                \u001b[0m42\u001b[0m\n              \u001b[36m</strong>\u001b[39m\n              \u001b[0m detected faces\u001b[0m\n            \u001b[36m</span>\u001b[39m\n            \u001b[0m \u001b[0m\n            \u001b[36m<span\u001b[39m\n              \u001b[33mclass\u001b[39m=\u001b[32m\"stat svelte-1n6g2x3\"\u001b[39m\n            \u001b[36m>\u001b[39m\n              \u001b[36m<strong\u001b[39m\n                \u001b[33mclass\u001b[39m=\u001b[32m\"svelte-1n6g2x3\"\u001b[39m\n              \u001b[36m>\u001b[39m\n                \u001b[0m0\u001b[0m\n              \u001b[36m</strong>\u001b[39m\n              \u001b[0m prototypes\u001b[0m\n            \u001b[36m</span>\u001b[39m\n            \u001b[0m \u001b[0m\n            \u001b[36m<span\u001b[39m\n              \u001b[33mclass\u001b[39m=\u001b[32m\"stat svelte-1n6g2x3\"\u001b[39m\n            \u001b[36m>\u001b[39m\n              \u001b[0mCreated 2024-12-01\u001b[0m\n            \u001b[36m</span>\u001b[39m\n          \u001b[36m</div>\u001b[39m\n          \u001b[0m \u001b[0m\n          \u001b[36m<div\u001b[39m\n            \u001b[33mclass\u001b[39m=\u001b[32m\"birth-date-section svelte-1n6g2x3\"\u001b[39m\n          \u001b[36m>\u001b[39m\n            \u001b[36m<div\u001b[39m\n              \u001b[33mclass\u001b[39m=\u001b[32m\"birth-date-display svelte-1n6g2x3\"\u001b[39m\n            \u001b[36m>\u001b[39m\n              \u001b[36m<span\u001b[39m\n                \u001b[33mclass\u001b[39m=\u001b[32m\"birth-date-label svelte-1n6g2x3\"\u001b[39m\n              \u001b[36m>\u001b[39m\n                \u001b[0mBirth Date:\u001b[0m\n              \u001b[36m</span>\u001b[39m\n              \u001b[0m \u001b[0m\n              \u001b[36m<span\u001b[39m\n                \u001b[33mclass\u001b[39m=\u001b[32m\"birth-date-value svelte-1n6g2x3\"\u001b[39m\n              \u001b[36m>\u001b[39m\n                \u001b[0mMay 14, 1990 \u001b[0m\n                \u001b[36m<span\u001b[39m\n                  \u001b[33mclass\u001b[39m=\u001b[32m\"age-display svelte-1n6g2x3\"\u001b[39m\n                \u001b[36m>\u001b[39m\n                  \u001b[0m(Age 35)\u001b[0m\n                \u001b[36m</span>\u001b[39m\n              \u001b[36m</span>\u001b[39m\n              \u001b[0m \u001b[0m\n              \u001b[36m<button\u001b[39m\n                \u001b[33maria-label\u001b[39m=\u001b[32m\"Edit birth date\"\u001b[39m\n                \u001b[33mclass\u001b[39m=\u001b[32m\"edit-birth-date-button svelte-1n6g2x3\"\u001b[39m\n                \u001b[33mtype\u001b[39m=\u001b[32m\"button\"\u001b[39m\n              \u001b[36m>\u001b[39m\n                \u001b[0mEdit\u001b[0m\n              \u001b[36m</button>\u001b[39m\n            \u001b[36m</div>\u001b[39m\n          \u001b[36m</div>\u001b[39m\n          \u001b[0m \u001b[0m\n          \u001b[36m<div\u001b[39m\n            \u001b[33mclass\u001b[39m=\u001b[32m\"person-status\"\u001b[39m\n          \u001b[36m>\u001b[39m\n            \u001b[36m<span\u001b[39m\n              \u001b[33mclass\u001b[39m=\u001b[32m\"status-badge status-active svelte-1n6g2x3\"\u001b[39m\n            \u001b[36m>\u001b[39m\n              \u001b[0mactive\u001b[0m\n            \u001b[36m</span>\u001b[39m\n          \u001b[36m</div>\u001b[39m\n        \u001b[36m</div>\u001b[39m\n        \u001b[0m \u001b[0m\n        \u001b[36m<div\u001b[39m\n          \u001b[33mclass\u001b[39m=\u001b[32m\"person-actions svelte-1n6g2x3\"\u001b[39m\n        \u001b[36m>\u001b[39m\n          \u001b[36m<button\u001b[39m\n            \u001b[33mclass\u001b[39m=\u001b[32m\"secondary-button svelte-1n6g2x3\"\u001b[39m\n            \u001b[33mtitle\u001b[39m=\u001b[32m\"Find more face suggestions using additional prototypes\"\u001b[39m\n            \u001b[33mtype\u001b[39m=\u001b[32m\"button\"\u001b[39m\n          \u001b[36m>\u001b[39m\n            \u001b[36m<svg\u001b[39m\n              \u001b[33mclass\u001b[39m=\u001b[32m\"action-icon svelte-1n6g2x3\"\u001b[39m\n              \u001b[33mfill\u001b[39m=\u001b[32m\"none\"\u001b[39m\n              \u001b[33mstroke\u001b[39m=\u001b[32m\"currentColor\"\u001b[39m\n              \u001b[33mstroke-width\u001b[39m=\u001b[32m\"2\"\u001b[39m\n              \u001b[33mviewBox\u001b[39m=\u001b[32m\"0 0 24 24\"\u001b[39m\n            \u001b[36m>\u001b[39m\n              \u001b[36m<circle\u001b[39m\n                \u001b[33mcx\u001b[39m=\u001b[32m\"11\"\u001b[39m\n                \u001b[33mcy\u001b[39m=\u001b[32m\"11\"\u001b[39m\n                \u001b[33mr\u001b[39m=\u001b[32m\"8\"\u001b[39m\n              \u001b[36m/>\u001b[39m\n              \u001b[36m<path\u001b[39m\n                \u001b[33md\u001b[39m=\u001b[32m\"M21 21l-4.35-4.35\"\u001b[39m\n              \u001b[36m/>\u001b[39m\n            \u001b[36m</svg>\u001b[39m\n            \u001b[0m Find More Suggestions\u001b[0m\n          \u001b[36m</button>\u001b[39m\n          \u001b[0m \u001b[0m\n          \u001b[36m<a\u001b[39m\n            \u001b[33mclass\u001b[39m=\u001b[32m\"secondary-button svelte-1n6g2x3\"\u001b[39m\n            \u001b[33mhref\u001b[39m=\u001b[32m\"/faces/persons/person-uuid-1/history\"\u001b[39m\n          \u001b[36m>\u001b[39m\n            \u001b[0mView Assignment History\u001b[0m\n          \u001b[36m</a>\u001b[39m\n          \u001b[0m \u001b[0m\n          \u001b[36m<button\u001b[39m\n            \u001b[33mclass\u001b[39m=\u001b[32m\"secondary-button svelte-1n6g2x3\"\u001b[39m\n            \u001b[33mtype\u001b[39m=\u001b[32m\"button\"\u001b[39m\n          \u001b[36m>\u001b[39m\n            \u001b[0mMerge into Another Person\u001b[0m\n          \u001b[36m</button>\u001b[39m\n        \u001b[36m</div>\u001b[39m\n      \u001b[36m</header>\u001b[39m\n      \u001b[0m \u001b[0m\n      \u001b[36m<div\u001b[39m\n        \u001b[33mclass\u001b[39m=\u001b[32m\"tabs svelte-1n6g2x3\"\u001b[39m\n      \u001b[36m>\u001b[39m\n        \u001b[36m<button\u001b[39m\n          \u001b[33mclass\u001b[39m=\u001b[32m\"tab svelte-1n6g2x3 active\"\u001b[39m\n          \u001b[33mtype\u001b[39m=\u001b[32m\"button\"\u001b[39m\n        \u001b[36m>\u001b[39m\n          \u001b[0mPhotos\u001b[0m\n        \u001b[36m</button>\u001b[39m\n        \u001b[0m \u001b[0m\n        \u001b[36m<button\u001b[39m\n          \u001b[33mclass\u001b[39m=\u001b[32m\"tab svelte-1n6g2x3\"\u001b[39m\n          \u001b[33mtype\u001b[39m=\u001b[32m\"button\"\u001b[39m\n        \u001b[36m>\u001b[39m\n          \u001b[0mPrototypes\u001b[0m\n        \u001b[36m</button>\u001b[39m\n      \u001b[36m</div>\u001b[39m\n      \u001b[0m \u001b[0m\n      \u001b[36m<div\u001b[39m\n        \u001b[33mclass\u001b[39m=\u001b[32m\"photos-tab svelte-2l2pl6\"\u001b[39m\n      \u001b[36m>\u001b[39m\n        \u001b[36m<div\u001b[39m\n          \u001b[33mclass\u001b[39m=\u001b[32m\"photos-header svelte-2l2pl6\"\u001b[39m\n        \u001b[36m>\u001b[39m\n          \u001b[36m<span\u001b[39m\n            \u001b[33mclass\u001b[39m=\u001b[32m\"photo-count svelte-2l2pl6\"\u001b[39m\n          \u001b[36m>\u001b[39m\n            \u001b[0m0 photos\u001b[0m\n          \u001b[36m</span>\u001b[39m\n          \u001b[0m \u001b[0m\n        \u001b[36m</div>\u001b[39m\n        \u001b[0m \u001b[0m\n        \u001b[36m<div\u001b[39m\n          \u001b[33mclass\u001b[39m=\u001b[32m\"error-state svelte-2l2pl6\"\u001b[39m\n          \u001b[33mrole\u001b[39m=\u001b[32m\"alert\"\u001b[39m\n        \u001b[36m>\u001b[39m\n          \u001b[36m<svg\u001b[39m\n            \u001b[33mclass\u001b[39m=\u001b[32m\"error-icon svelte-2l2pl6\"\u001b[39m\n            \u001b[33mfill\u001b[39m=\u001b[32m\"none\"\u001b[39m\n            \u001b[33mstroke\u001b[39m=\u001b[32m\"currentColor\"\u001b[39m\n            \u001b[33mstroke-width\u001b[39m=\u001b[32m\"2\"\u001b[39m\n            \u001b[33mviewBox\u001b[39m=\u001b[32m\"0 0 24 24\"\u001b[39m\n          \u001b[36m>\u001b[39m\n            \u001b[36m<circle\u001b[39m\n              \u001b[33mcx\u001b[39m=\u001b[32m\"12\"\u001b[39m\n              \u001b[33mcy\u001b[39m=\u001b[32m\"12\"\u001b[39m\n              \u001b[33mr\u001b[39m=\u001b[32m\"10\"\u001b[39m\n            \u001b[36m/>\u001b[39m\n            \u001b[36m<line\u001b[39m\n              \u001b[33mx1\u001b[39m=\u001b[32m\"12\"\u001b[39m\n              \u001b[33mx2\u001b[39m=\u001b[32m\"12\"\u001b[39m\n              \u001b[33my1\u001b[39m=\u001b[32m\"8\"\u001b[39m\n              \u001b[33my2\u001b[39m=\u001b[32m\"12\"\u001b[39m\n            \u001b[36m/>\u001b[39m\n            \u001b[36m<line\u001b[39m\n              \u001b[33mx1\u001b[39m=\u001b[32m\"12\"\u001b[39m\n              \u001b[33mx2\u001b[39m=\u001b[32m\"12.01\"\u001b[39m\n              \u001b[33my1\u001b[39m=\u001b[32m\"16\"\u001b[39m\n              \u001b[33my2\u001b[39m=\u001b[32m\"16\"\u001b[39m\n            \u001b[36m/>\u001b[39m\n          \u001b[36m</svg>\u001b[39m\n          \u001b[0m \u001b[0m\n          \u001b[36m<p>\u001b[39m\n            \u001b[0mCannot read properties of undefined (reading 'map')\u001b[0m\n          \u001b[36m</p>\u001b[39m\n          \u001b[0m \u001b[0m\n          \u001b[36m<button\u001b[39m\n            \u001b[33mclass\u001b[39m=\u001b[32m\"retry-button svelte-2l2pl6\"\u001b[39m\n            \u001b[33mtype\u001b[39m=\u001b[32m\"button\"\u001b[39m\n          \u001b[36m>\u001b[39m\n            \u001b[0mRetry\u001b[0m\n          \u001b[36m</button>\u001b[39m\n        \u001b[36m</div>\u001b[39m\n        \u001b[0m\u001b[0m\n        \u001b[0m \u001b[0m\n        \u001b[0m \u001b[0m\n      \u001b[36m</div>\u001b[39m\n      \u001b[0m \u001b[0m\n      \u001b[0m\u001b[0m\n      \u001b[0m\u001b[0m\n    \u001b[36m</main>\u001b[39m\n    \u001b[0m \u001b[0m\n    \u001b[0m \u001b[0m\n    \u001b[0m \u001b[0m\n    \u001b[0m\u001b[0m\n    \u001b[0m\u001b[0m\n  \u001b[36m</div>\u001b[39m\n\u001b[36m</body>\u001b[39m\n    at Module.waitForWrapper (/export/workspace/image-search/image-search-ui/node_modules/@testing-library/dom/dist/wait-for.js:163:27)\n    at /export/workspace/image-search/image-search-ui/src/tests/routes/people/person-detail.test.ts:911:10\n    at file:///export/workspace/image-search/image-search-ui/node_modules/@vitest/runner/dist/index.js:915:20"],"meta":{}},{"ancestorTitles":["Person Detail Page","Birth Date Editing"],"fullName":"Person Detail Page Birth Date Editing should display error when save fails","status":"failed","title":"should display error when save fails","duration":1003.989442,"failureMessages":["Error: Unable to find an element with the text: Alice Smith. This could be because the text is broken up by multiple elements. In this case, you can provide a function for your text matcher to make your matcher more flexible.\n\nIgnored nodes: comments, script, style\n\u001b[36m<body>\u001b[39m\n  \u001b[36m<div>\u001b[39m\n    \u001b[36m<main\u001b[39m\n      \u001b[33mclass\u001b[39m=\u001b[32m\"person-detail-page svelte-1n6g2x3\"\u001b[39m\n    \u001b[36m>\u001b[39m\n      \u001b[36m<nav\u001b[39m\n        \u001b[33mclass\u001b[39m=\u001b[32m\"breadcrumb svelte-1n6g2x3\"\u001b[39m\n      \u001b[36m>\u001b[39m\n        \u001b[36m<button\u001b[39m\n          \u001b[33mclass\u001b[39m=\u001b[32m\"back-link svelte-1n6g2x3\"\u001b[39m\n          \u001b[33mtype\u001b[39m=\u001b[32m\"button\"\u001b[39m\n        \u001b[36m>\u001b[39m\n          \u001b[36m<svg\u001b[39m\n            \u001b[33mclass\u001b[39m=\u001b[32m\"svelte-1n6g2x3\"\u001b[39m\n            \u001b[33mfill\u001b[39m=\u001b[32m\"none\"\u001b[39m\n            \u001b[33mstroke\u001b[39m=\u001b[32m\"currentColor\"\u001b[39m\n            \u001b[33mstroke-width\u001b[39m=\u001b[32m\"2\"\u001b[39m\n            \u001b[33mviewBox\u001b[39m=\u001b[32m\"0 0 24 24\"\u001b[39m\n          \u001b[36m>\u001b[39m\n            \u001b[36m<path\u001b[39m\n              \u001b[33md\u001b[39m=\u001b[32m\"M19 12H5M12 19l-7-7 7-7\"\u001b[39m\n            \u001b[36m/>\u001b[39m\n          \u001b[36m</svg>\u001b[39m\n          \u001b[0m Back to People\u001b[0m\n        \u001b[36m</button>\u001b[39m\n      \u001b[36m</nav>\u001b[39m\n      \u001b[0m \u001b[0m\n      \u001b[36m<div\u001b[39m\n        \u001b[33mclass\u001b[39m=\u001b[32m\"error-state svelte-1n6g2x3\"\u001b[39m\n        \u001b[33mrole\u001b[39m=\u001b[32m\"alert\"\u001b[39m\n      \u001b[36m>\u001b[39m\n        \u001b[36m<svg\u001b[39m\n          \u001b[33mclass\u001b[39m=\u001b[32m\"error-icon svelte-1n6g2x3\"\u001b[39m\n          \u001b[33mfill\u001b[39m=\u001b[32m\"none\"\u001b[39m\n          \u001b[33mstroke\u001b[39m=\u001b[32m\"currentColor\"\u001b[39m\n          \u001b[33mstroke-width\u001b[39m=\u001b[32m\"2\"\u001b[39m\n          \u001b[33mviewBox\u001b[39m=\u001b[32m\"0 0 24 24\"\u001b[39m\n        \u001b[36m>\u001b[39m\n          \u001b[36m<circle\u001b[39m\n            \u001b[33mcx\u001b[39m=\u001b[32m\"12\"\u001b[39m\n            \u001b[33mcy\u001b[39m=\u001b[32m\"12\"\u001b[39m\n            \u001b[33mr\u001b[39m=\u001b[32m\"10\"\u001b[39m\n          \u001b[36m/>\u001b[39m\n          \u001b[36m<line\u001b[39m\n            \u001b[33mx1\u001b[39m=\u001b[32m\"12\"\u001b[39m\n            \u001b[33mx2\u001b[39m=\u001b[32m\"12\"\u001b[39m\n            \u001b[33my1\u001b[39m=\u001b[32m\"8\"\u001b[39m\n            \u001b[33my2\u001b[39m=\u001b[32m\"12\"\u001b[39m\n          \u001b[36m/>\u001b[39m\n          \u001b[36m<line\u001b[39m\n            \u001b[33mx1\u001b[39m=\u001b[32m\"12\"\u001b[39m\n            \u001b[33mx2\u001b[39m=\u001b[32m\"12.01\"\u001b[39m\n            \u001b[33my1\u001b[39m=\u001b[32m\"16\"\u001b[39m\n            \u001b[33my2\u001b[39m=\u001b[32m\"16\"\u001b[39m\n          \u001b[36m/>\u001b[39m\n        \u001b[36m</svg>\u001b[39m\n        \u001b[0m \u001b[0m\n        \u001b[36m<p>\u001b[39m\n          \u001b[0mFailed to update person\u001b[0m\n        \u001b[36m</p>\u001b[39m\n        \u001b[0m \u001b[0m\n        \u001b[36m<button\u001b[39m\n          \u001b[33mclass\u001b[39m=\u001b[32m\"retry-button svelte-1n6g2x3\"\u001b[39m\n          \u001b[33mtype\u001b[39m=\u001b[32m\"button\"\u001b[39m\n        \u001b[36m>\u001b[39m\n          \u001b[0mTry Again\u001b[0m\n        \u001b[36m</button>\u001b[39m\n      \u001b[36m</div>\u001b[39m\n      \u001b[0m\u001b[0m\n    \u001b[36m</main>\u001b[39m\n    \u001b[0m \u001b[0m\n    \u001b[0m \u001b[0m\n    \u001b[0m \u001b[0m\n    \u001b[0m\u001b[0m\n    \u001b[0m\u001b[0m\n  \u001b[36m</div>\u001b[39m\n\u001b[36m</body>\u001b[39m\n    at Module.waitForWrapper (/export/workspace/image-search/image-search-ui/node_modules/@testing-library/dom/dist/wait-for.js:163:27)\n    at /export/workspace/image-search/image-search-ui/src/tests/routes/people/person-detail.test.ts:936:10\n    at file:///export/workspace/image-search/image-search-ui/node_modules/@vitest/runner/dist/index.js:145:11\n    at file:///export/workspace/image-search/image-search-ui/node_modules/@vitest/runner/dist/index.js:915:26\n    at file:///export/workspace/image-search/image-search-ui/node_modules/@vitest/runner/dist/index.js:1243:20\n    at new Promise (<anonymous>)\n    at runWithTimeout (file:///export/workspace/image-search/image-search-ui/node_modules/@vitest/runner/dist/index.js:1209:10)\n    at file:///export/workspace/image-search/image-search-ui/node_modules/@vitest/runner/dist/index.js:1653:37\n    at Traces.$ (file:///export/workspace/image-search/image-search-ui/node_modules/vitest/dist/chunks/traces.U4xDYhzZ.js:115:27)\n    at trace (file:///export/workspace/image-search/image-search-ui/node_modules/vitest/dist/chunks/test.B8ej_ZHS.js:239:21)"],"meta":{}},{"ancestorTitles":["Person Detail Page","Birth Date Editing"],"fullName":"Person Detail Page Birth Date Editing should clear birth date when empty value is saved","status":"passed","title":"should clear birth date when empty value is saved","duration":21.777594999999565,"failureMessages":[],"meta":{}}],"startTime":1768101232340,"endTime":1768101236804.7776,"status":"failed","message":"","name":"/export/workspace/image-search/image-search-ui/src/tests/routes/people/person-detail.test.ts"}]}